#
# There is insufficient memory for the Java Runtime Environment to continue.
# Native memory allocation (mmap) failed to map 62914560 bytes for committing reserved memory.
# Possible reasons:
#   The system is out of physical RAM or swap space
#   The process is running with CompressedOops enabled, and the Java Heap may be blocking the growth of the native heap
# Possible solutions:
#   Reduce memory load on the system
#   Increase physical memory or swap space
#   Check if swap backing store is full
#   Decrease Java heap size (-Xmx/-Xms)
#   Decrease number of Java threads
#   Decrease Java thread stack sizes (-Xss)
#   Set larger code cache with -XX:ReservedCodeCacheSize=
#   JVM is running with Unscaled Compressed Oops mode in which the Java heap is
#     placed in the first 4GB address space. The Java Heap base address is the
#     maximum limit for the native heap growth. Please use -XX:HeapBaseMinAddress
#     to set the Java Heap base and to place the Java Heap above 4GB virtual address.
# This output file may be truncated or incomplete.
#
#  Out of Memory Error (os_linux.cpp:2977), pid=3805, tid=3820
#
# JRE version: OpenJDK Runtime Environment (15.0.1+9) (build 15.0.1+9-18)
# Java VM: OpenJDK 64-Bit Server VM (15.0.1+9-18, mixed mode, sharing, tiered, compressed oops, g1 gc, linux-amd64)
# No core dump will be written. Core dumps have been disabled. To enable core dumping, try "ulimit -c unlimited" before starting Java again
#

---------------  S U M M A R Y ------------

Command Line: -javaagent:/home/debian/Desktop/idea-IC-203.5981.155/lib/idea_rt.jar=33435:/home/debian/Desktop/idea-IC-203.5981.155/bin -Dfile.encoding=UTF-8 io.github.nandandesai.secureservermonitoring.SecureServerMonitoringApplication

Host: Intel(R) Core(TM) i7-9750H CPU @ 2.60GHz, 3 cores, 7G, Debian GNU/Linux 10 (buster)
Time: Sat Aug  7 19:22:07 2021 IST elapsed time: 18013.128661 seconds (0d 5h 0m 13s)

---------------  T H R E A D  ---------------

Current thread (0x00007ffafc14e440):  VMThread "VM Thread" [stack: 0x00007ffae05b3000,0x00007ffae06b3000] [id=3820]

Stack: [0x00007ffae05b3000,0x00007ffae06b3000],  sp=0x00007ffae06b0ec0,  free space=1015k
Native frames: (J=compiled Java code, A=aot compiled Java code, j=interpreted, Vv=VM code, C=native code)
V  [libjvm.so+0xd62a77]  VMError::report_and_die(int, char const*, char const*, __va_list_tag*, Thread*, unsigned char*, void*, void*, char const*, int, unsigned long)+0x387
V  [libjvm.so+0xd6364d]  VMError::report_and_die(Thread*, char const*, int, unsigned long, VMErrorType, char const*, __va_list_tag*)+0x2d
V  [libjvm.so+0x562396]  report_vm_out_of_memory(char const*, int, unsigned long, VMErrorType, char const*, ...)+0xc6
V  [libjvm.so+0xb460a8]  os::pd_commit_memory_or_exit(char*, unsigned long, unsigned long, bool, char const*)+0xd8
V  [libjvm.so+0xb3eebd]  os::commit_memory_or_exit(char*, unsigned long, unsigned long, bool, char const*)+0x1d
V  [libjvm.so+0x686a1e]  G1PageBasedVirtualSpace::commit(unsigned long, unsigned long)+0x16e
V  [libjvm.so+0x6959d8]  G1RegionsLargerThanCommitSizeMapper::commit_regions(unsigned int, unsigned long, WorkGang*)+0x58
V  [libjvm.so+0x725eee]  HeapRegionManager::commit_regions(unsigned int, unsigned long, WorkGang*)+0x4e
V  [libjvm.so+0x7274f1]  HeapRegionManager::make_regions_available(unsigned int, unsigned int, WorkGang*)+0x31
V  [libjvm.so+0x7279e6]  HeapRegionManager::expand_at(unsigned int, unsigned int, WorkGang*)+0xc6
V  [libjvm.so+0x63d160]  G1CollectedHeap::expand(unsigned long, WorkGang*, double*)+0xe0
V  [libjvm.so+0x641df6]  G1CollectedHeap::do_collection_pause_at_safepoint_helper(double)+0xa76
V  [libjvm.so+0x641f6d]  G1CollectedHeap::do_collection_pause_at_safepoint(double)+0x4d
V  [libjvm.so+0x6b8508]  VM_G1CollectForAllocation::doit()+0x78
V  [libjvm.so+0xd6405a]  VM_Operation::evaluate()+0xea
V  [libjvm.so+0xd696a2]  VMThread::evaluate_operation(VM_Operation*) [clone .constprop.0]+0xb2
V  [libjvm.so+0xd69b79]  VMThread::loop()+0x469
V  [libjvm.so+0xd69ed6]  VMThread::run()+0x76
V  [libjvm.so+0xcf724d]  Thread::call_run()+0xfd
V  [libjvm.so+0xb4a397]  thread_native_entry(Thread*)+0xe7

VM_Operation (0x00007ffa825ea350): G1CollectForAllocation, mode: safepoint, requested by thread 0x00007ffafd33e760


---------------  P R O C E S S  ---------------

Threads class SMR info:
_java_thread_list=0x00007ffab8000f30, length=43, elements={
0x00007ffafc151190, 0x00007ffafc1528d0, 0x00007ffafc158120, 0x00007ffafc159830,
0x00007ffafc15b450, 0x00007ffafc15cc80, 0x00007ffafc15e380, 0x00007ffafc16ac10,
0x00007ffafc4c81f0, 0x00007ffafc4c9980, 0x00007ffab4000e20, 0x00007ffafcefff30,
0x00007ffa9020e6c0, 0x00007ffafcf03670, 0x00007ffafd18edf0, 0x00007ffafd19ecb0,
0x00007ffafd179f90, 0x00007ffafd1a6970, 0x00007ffafd1a7b00, 0x00007ffafd1a9970,
0x00007ffafd1ab370, 0x00007ffafd1ac660, 0x00007ffa90216850, 0x00007ffa9c012d00,
0x00007ffafd335d90, 0x00007ffafd338300, 0x00007ffafd338db0, 0x00007ffafd33a430,
0x00007ffafd33baf0, 0x00007ffafd33d1b0, 0x00007ffafd33e760, 0x00007ffafd33fe20,
0x00007ffafd3415f0, 0x00007ffafd342dc0, 0x00007ffafd344350, 0x00007ffafd3467f0,
0x00007ffafd348840, 0x00007ffafc02c7c0, 0x00007ffaac45a650, 0x00007ffaac3ce090,
0x00007ffaac3ceb00, 0x00007ffaac365110, 0x00007ffaac433340
}

Java Threads: ( => current thread )
  0x00007ffafc151190 JavaThread "Reference Handler" daemon [_thread_blocked, id=3821, stack(0x00007ffae04b0000,0x00007ffae05b1000)]
  0x00007ffafc1528d0 JavaThread "Finalizer" daemon [_thread_blocked, id=3823, stack(0x00007ffae03af000,0x00007ffae04b0000)]
  0x00007ffafc158120 JavaThread "Signal Dispatcher" daemon [_thread_blocked, id=3827, stack(0x00007ffad1eff000,0x00007ffad2000000)]
  0x00007ffafc159830 JavaThread "Service Thread" daemon [_thread_blocked, id=3828, stack(0x00007ffad1dfe000,0x00007ffad1eff000)]
  0x00007ffafc15b450 JavaThread "C2 CompilerThread0" daemon [_thread_blocked, id=3829, stack(0x00007ffad1cfd000,0x00007ffad1dfe000)]
  0x00007ffafc15cc80 JavaThread "C1 CompilerThread0" daemon [_thread_blocked, id=3832, stack(0x00007ffad1bfc000,0x00007ffad1cfd000)]
  0x00007ffafc15e380 JavaThread "Sweeper thread" daemon [_thread_blocked, id=3834, stack(0x00007ffad1afb000,0x00007ffad1bfc000)]
  0x00007ffafc16ac10 JavaThread "Common-Cleaner" daemon [_thread_blocked, id=3835, stack(0x00007ffad19fa000,0x00007ffad1afb000)]
  0x00007ffafc4c81f0 JavaThread "Monitor Ctrl-Break" daemon [_thread_in_native, id=3836, stack(0x00007ffad18f9000,0x00007ffad19fa000)]
  0x00007ffafc4c9980 JavaThread "Notification Thread" daemon [_thread_blocked, id=3837, stack(0x00007ffad17f8000,0x00007ffad18f9000)]
  0x00007ffab4000e20 JavaThread "Attach Listener" daemon [_thread_blocked, id=3842, stack(0x00007ffad14f3000,0x00007ffad15f4000)]
  0x00007ffafcefff30 JavaThread "Catalina-utility-1" [_thread_blocked, id=3853, stack(0x00007ffad13f2000,0x00007ffad14f3000)]
  0x00007ffa9020e6c0 JavaThread "Catalina-utility-2" [_thread_blocked, id=3854, stack(0x00007ffad02ef000,0x00007ffad03f0000)]
  0x00007ffafcf03670 JavaThread "container-0" [_thread_blocked, id=3855, stack(0x00007ffad01ee000,0x00007ffad02ef000)]
  0x00007ffafd18edf0 JavaThread "elastic-evictor-1" daemon [_thread_blocked, id=3857, stack(0x00007ffa836ff000,0x00007ffa83800000)]
  0x00007ffafd19ecb0 JavaThread "StatusUpdateTrigger-2" [_thread_blocked, id=3858, stack(0x00007ffa835fe000,0x00007ffa836ff000)]
  0x00007ffafd179f90 JavaThread "status-check-1" [_thread_blocked, id=3859, stack(0x00007ffa834fd000,0x00007ffa835fe000)]
  0x00007ffafd1a6970 JavaThread "elastic-evictor-3" daemon [_thread_blocked, id=3860, stack(0x00007ffa833fc000,0x00007ffa834fd000)]
  0x00007ffafd1a7b00 JavaThread "EndpointDetectionTrigger-4" [_thread_blocked, id=3861, stack(0x00007ffa832fb000,0x00007ffa833fc000)]
  0x00007ffafd1a9970 JavaThread "elastic-evictor-5" daemon [_thread_blocked, id=3862, stack(0x00007ffa831fa000,0x00007ffa832fb000)]
  0x00007ffafd1ab370 JavaThread "InfoUpdateTrigger-6" [_thread_blocked, id=3863, stack(0x00007ffa830f9000,0x00007ffa831fa000)]
  0x00007ffafd1ac660 JavaThread "info-check-2" [_thread_blocked, id=3864, stack(0x00007ffa82ff8000,0x00007ffa830f9000)]
  0x00007ffa90216850 JavaThread "parallel-1" daemon [_thread_blocked, id=3865, stack(0x00007ffa82ef7000,0x00007ffa82ff8000)]
  0x00007ffa9c012d00 JavaThread "parallel-2" daemon [_thread_blocked, id=3866, stack(0x00007ffa82df6000,0x00007ffa82ef7000)]
  0x00007ffafd335d90 JavaThread "http-nio-9000-BlockPoller" daemon [_thread_blocked, id=3867, stack(0x00007ffa82af3000,0x00007ffa82bf4000)]
  0x00007ffafd338300 JavaThread "http-nio-9000-exec-1" daemon [_thread_blocked, id=3868, stack(0x00007ffa829f2000,0x00007ffa82af3000)]
  0x00007ffafd338db0 JavaThread "http-nio-9000-exec-2" daemon [_thread_blocked, id=3869, stack(0x00007ffa828f1000,0x00007ffa829f2000)]
  0x00007ffafd33a430 JavaThread "http-nio-9000-exec-3" daemon [_thread_blocked, id=3870, stack(0x00007ffa827f0000,0x00007ffa828f1000)]
  0x00007ffafd33baf0 JavaThread "http-nio-9000-exec-4" daemon [_thread_blocked, id=3871, stack(0x00007ffa826ef000,0x00007ffa827f0000)]
  0x00007ffafd33d1b0 JavaThread "http-nio-9000-exec-5" daemon [_thread_blocked, id=3872, stack(0x00007ffa825ee000,0x00007ffa826ef000)]
  0x00007ffafd33e760 JavaThread "http-nio-9000-exec-6" daemon [_thread_blocked, id=3873, stack(0x00007ffa824ed000,0x00007ffa825ee000)]
  0x00007ffafd33fe20 JavaThread "http-nio-9000-exec-7" daemon [_thread_blocked, id=3874, stack(0x00007ffa823ec000,0x00007ffa824ed000)]
  0x00007ffafd3415f0 JavaThread "http-nio-9000-exec-8" daemon [_thread_blocked, id=3875, stack(0x00007ffa822eb000,0x00007ffa823ec000)]
  0x00007ffafd342dc0 JavaThread "http-nio-9000-exec-9" daemon [_thread_blocked, id=3876, stack(0x00007ffa821ea000,0x00007ffa822eb000)]
  0x00007ffafd344350 JavaThread "http-nio-9000-exec-10" daemon [_thread_blocked, id=3877, stack(0x00007ffa820e9000,0x00007ffa821ea000)]
  0x00007ffafd3467f0 JavaThread "http-nio-9000-ClientPoller" daemon [_thread_blocked, id=3878, stack(0x00007ffa81fe8000,0x00007ffa820e9000)]
  0x00007ffafd348840 JavaThread "http-nio-9000-Acceptor" daemon [_thread_in_native, id=3879, stack(0x00007ffa81ee7000,0x00007ffa81fe8000)]
  0x00007ffafc02c7c0 JavaThread "DestroyJavaVM" [_thread_blocked, id=3808, stack(0x00007ffb018e6000,0x00007ffb019e7000)]
  0x00007ffaac45a650 JavaThread "parallel-3" daemon [_thread_blocked, id=3884, stack(0x00007ffa81be3000,0x00007ffa81ce4000)]
  0x00007ffaac3ce090 JavaThread "reactor-http-epoll-1" daemon [_thread_in_native, id=3885, stack(0x00007ffa816cf000,0x00007ffa817d0000)]
  0x00007ffaac3ceb00 JavaThread "reactor-http-epoll-2" daemon [_thread_in_native, id=3886, stack(0x00007ffa815ce000,0x00007ffa816cf000)]
  0x00007ffaac365110 JavaThread "reactor-http-epoll-3" daemon [_thread_in_native, id=3887, stack(0x00007ffa814cd000,0x00007ffa815ce000)]
  0x00007ffaac433340 JavaThread "reactor-http-epoll-4" daemon [_thread_in_native, id=3888, stack(0x00007ffa813cc000,0x00007ffa814cd000)]

Other Threads:
=>0x00007ffafc14e440 VMThread "VM Thread" [stack: 0x00007ffae05b3000,0x00007ffae06b3000] [id=3820]
  0x00007ffafc4cba10 WatcherThread [stack: 0x00007ffad16f8000,0x00007ffad17f8000] [id=3838]
  0x00007ffafc069340 GCTaskThread "GC Thread#0" [stack: 0x00007ffb006e5000,0x00007ffb007e5000] [id=3811]
  0x00007ffac8000f30 GCTaskThread "GC Thread#1" [stack: 0x00007ffad15f6000,0x00007ffad16f6000] [id=3839]
  0x00007ffac8015e50 GCTaskThread "GC Thread#2" [stack: 0x00007ffad00ee000,0x00007ffad01ee000] [id=3856]
  0x00007ffafc07a010 ConcurrentGCThread "G1 Main Marker" [stack: 0x00007ffb005e3000,0x00007ffb006e3000] [id=3812]
  0x00007ffafc07b2a0 ConcurrentGCThread "G1 Conc#0" [stack: 0x00007ffb004e1000,0x00007ffb005e1000] [id=3814]
  0x00007ffafc0db1f0 ConcurrentGCThread "G1 Refine#0" [stack: 0x00007ffb000dc000,0x00007ffb001dc000] [id=3817]
  0x00007ffacc11db30 ConcurrentGCThread "G1 Refine#1" [stack: 0x00007ffa7c1b8000,0x00007ffa7c2b8000] [id=5036]
  0x00007ffafc0dc400 ConcurrentGCThread "G1 Young RemSet Sampling" [stack: 0x00007ffae0f38000,0x00007ffae1038000] [id=3819]

Threads with active compile tasks:
C1 CompilerThread0  18017852 13138   !   3       org.apache.catalina.core.StandardWrapperValve::invoke (2665 bytes)

VM state: at safepoint (normal execution)

VM Mutex/Monitor currently owned by a thread:  ([mutex/lock_event])
[0x00007ffafc028ca0] Threads_lock - owner thread: 0x00007ffafc14e440
[0x00007ffafc0294e0] Heap_lock - owner thread: 0x00007ffafd33e760

Heap address: 0x0000000086400000, size: 1948 MB, Compressed Oops mode: 32-bit
CDS archive(s) mapped at: [0x0000000800000000-0x0000000800b33000-0x0000000800b33000), size 11743232, SharedBaseAddress: 0x0000000800000000, ArchiveRelocationMode: 0.
Compressed class space mapped at: 0x0000000800b34000-0x0000000840b34000, size: 1073741824
Narrow klass base: 0x0000000800000000, Narrow klass shift: 3, Narrow klass range: 0x100000000

GC Precious Log:
 CPUs: 3 total, 3 available
 Memory: 7788M
 Large Page Support: Disabled
 NUMA Support: Disabled
 Compressed Oops: Enabled (32-bit)
 Heap Region Size: 1M
 Heap Min Capacity: 8M
 Heap Initial Capacity: 122M
 Heap Max Capacity: 1948M
 Pre-touch: Disabled
 Parallel Workers: 3
 Concurrent Workers: 1
 Concurrent Refinement Workers: 3
 Periodic GC: Disabled

Heap:
 garbage-first heap   total 143360K, used 26046K [0x0000000086400000, 0x0000000100000000)
  region size 1024K, 1 young (1024K), 1 survivors (1024K)
 Metaspace       used 55457K, capacity 55907K, committed 56624K, reserved 1099776K
  class space    used 6458K, capacity 6643K, committed 6784K, reserved 1048576K

Heap Regions: E=young(eden), S=young(survivor), O=old, HS=humongous(starts), HC=humongous(continues), CS=collection set, F=free, OA=open archive, CA=closed archive, TAMS=top-at-mark-start (previous, next)
|   0|0x0000000086400000, 0x0000000086500000, 0x0000000086500000|100%| O|  |TAMS 0x0000000086500000, 0x0000000086400000| Untracked 
|   1|0x0000000086500000, 0x0000000086600000, 0x0000000086600000|100%| O|  |TAMS 0x0000000086600000, 0x0000000086500000| Untracked 
|   2|0x0000000086600000, 0x0000000086700000, 0x0000000086700000|100%| O|  |TAMS 0x0000000086700000, 0x0000000086600000| Untracked 
|   3|0x0000000086700000, 0x0000000086800000, 0x0000000086800000|100%| O|  |TAMS 0x0000000086700000, 0x0000000086700000| Untracked 
|   4|0x0000000086800000, 0x0000000086900000, 0x0000000086900000|100%| O|  |TAMS 0x0000000086900000, 0x0000000086800000| Untracked 
|   5|0x0000000086900000, 0x0000000086a00000, 0x0000000086a00000|100%| O|  |TAMS 0x0000000086a00000, 0x0000000086900000| Untracked 
|   6|0x0000000086a00000, 0x0000000086b00000, 0x0000000086b00000|100%| O|  |TAMS 0x0000000086b00000, 0x0000000086a00000| Untracked 
|   7|0x0000000086b00000, 0x0000000086c00000, 0x0000000086c00000|100%| O|  |TAMS 0x0000000086c00000, 0x0000000086b00000| Untracked 
|   8|0x0000000086c00000, 0x0000000086d00000, 0x0000000086d00000|100%| O|  |TAMS 0x0000000086d00000, 0x0000000086c00000| Untracked 
|   9|0x0000000086d00000, 0x0000000086e00000, 0x0000000086e00000|100%| O|  |TAMS 0x0000000086e00000, 0x0000000086d00000| Untracked 
|  10|0x0000000086e00000, 0x0000000086f00000, 0x0000000086f00000|100%| O|  |TAMS 0x0000000086f00000, 0x0000000086e00000| Untracked 
|  11|0x0000000086f00000, 0x0000000086f96000, 0x0000000087000000| 58%| O|  |TAMS 0x0000000086f00000, 0x0000000086f00000| Untracked 
|  12|0x0000000087000000, 0x0000000087000000, 0x0000000087100000|  0%| F|  |TAMS 0x0000000087000000, 0x0000000087000000| Untracked 
|  13|0x0000000087100000, 0x0000000087100000, 0x0000000087200000|  0%| F|  |TAMS 0x0000000087100000, 0x0000000087100000| Untracked 
|  14|0x0000000087200000, 0x0000000087300000, 0x0000000087300000|100%| O|  |TAMS 0x0000000087300000, 0x0000000087200000| Untracked 
|  15|0x0000000087300000, 0x0000000087300000, 0x0000000087400000|  0%| F|  |TAMS 0x0000000087300000, 0x0000000087300000| Untracked 
|  16|0x0000000087400000, 0x0000000087500000, 0x0000000087500000|100%| O|  |TAMS 0x0000000087500000, 0x0000000087400000| Untracked 
|  17|0x0000000087500000, 0x0000000087600000, 0x0000000087600000|100%| O|  |TAMS 0x0000000087600000, 0x0000000087500000| Untracked 
|  18|0x0000000087600000, 0x0000000087600000, 0x0000000087700000|  0%| F|  |TAMS 0x0000000087600000, 0x0000000087600000| Untracked 
|  19|0x0000000087700000, 0x0000000087800000, 0x0000000087800000|100%| O|  |TAMS 0x0000000087800000, 0x0000000087700000| Untracked 
|  20|0x0000000087800000, 0x0000000087900000, 0x0000000087900000|100%| O|  |TAMS 0x0000000087900000, 0x0000000087800000| Untracked 
|  21|0x0000000087900000, 0x0000000087a00000, 0x0000000087a00000|100%| O|  |TAMS 0x0000000087a00000, 0x0000000087900000| Untracked 
|  22|0x0000000087a00000, 0x0000000087b00000, 0x0000000087b00000|100%| O|  |TAMS 0x0000000087b00000, 0x0000000087a00000| Untracked 
|  23|0x0000000087b00000, 0x0000000087c00000, 0x0000000087c00000|100%| O|  |TAMS 0x0000000087c00000, 0x0000000087b00000| Untracked 
|  24|0x0000000087c00000, 0x0000000087d00000, 0x0000000087d00000|100%| O|  |TAMS 0x0000000087d00000, 0x0000000087c00000| Untracked 
|  25|0x0000000087d00000, 0x0000000087e00000, 0x0000000087e00000|100%| O|  |TAMS 0x0000000087d56800, 0x0000000087d00000| Untracked 
|  26|0x0000000087e00000, 0x0000000087f00000, 0x0000000087f00000|100%| O|  |TAMS 0x0000000087e00000, 0x0000000087e00000| Untracked 
|  27|0x0000000087f00000, 0x0000000088000000, 0x0000000088000000|100%| O|  |TAMS 0x0000000087f00000, 0x0000000087f00000| Untracked 
|  28|0x0000000088000000, 0x0000000088100000, 0x0000000088100000|100%| O|  |TAMS 0x0000000088000000, 0x0000000088000000| Untracked 
|  29|0x0000000088100000, 0x0000000088100000, 0x0000000088200000|  0%| F|  |TAMS 0x0000000088100000, 0x0000000088100000| Untracked 
|  30|0x0000000088200000, 0x0000000088200000, 0x0000000088300000|  0%| F|  |TAMS 0x0000000088200000, 0x0000000088200000| Untracked 
|  31|0x0000000088300000, 0x0000000088300000, 0x0000000088400000|  0%| F|  |TAMS 0x0000000088300000, 0x0000000088300000| Untracked 
|  32|0x0000000088400000, 0x0000000088400000, 0x0000000088500000|  0%| F|  |TAMS 0x0000000088400000, 0x0000000088400000| Untracked 
|  33|0x0000000088500000, 0x0000000088500000, 0x0000000088600000|  0%| F|  |TAMS 0x0000000088500000, 0x0000000088500000| Untracked 
|  34|0x0000000088600000, 0x0000000088600000, 0x0000000088700000|  0%| F|  |TAMS 0x0000000088600000, 0x0000000088600000| Untracked 
|  35|0x0000000088700000, 0x0000000088700000, 0x0000000088800000|  0%| F|  |TAMS 0x0000000088700000, 0x0000000088700000| Untracked 
|  36|0x0000000088800000, 0x0000000088800000, 0x0000000088900000|  0%| F|  |TAMS 0x0000000088800000, 0x0000000088800000| Untracked 
|  37|0x0000000088900000, 0x0000000088900000, 0x0000000088a00000|  0%| F|  |TAMS 0x0000000088900000, 0x0000000088900000| Untracked 
|  38|0x0000000088a00000, 0x0000000088a00000, 0x0000000088b00000|  0%| F|  |TAMS 0x0000000088a00000, 0x0000000088a00000| Untracked 
|  39|0x0000000088b00000, 0x0000000088b00000, 0x0000000088c00000|  0%| F|  |TAMS 0x0000000088b00000, 0x0000000088b00000| Untracked 
|  40|0x0000000088c00000, 0x0000000088c00000, 0x0000000088d00000|  0%| F|  |TAMS 0x0000000088c00000, 0x0000000088c00000| Untracked 
|  41|0x0000000088d00000, 0x0000000088d00000, 0x0000000088e00000|  0%| F|  |TAMS 0x0000000088d00000, 0x0000000088d00000| Untracked 
|  42|0x0000000088e00000, 0x0000000088e00000, 0x0000000088f00000|  0%| F|  |TAMS 0x0000000088e00000, 0x0000000088e00000| Untracked 
|  43|0x0000000088f00000, 0x0000000088f00000, 0x0000000089000000|  0%| F|  |TAMS 0x0000000088f00000, 0x0000000088f00000| Untracked 
|  44|0x0000000089000000, 0x0000000089000000, 0x0000000089100000|  0%| F|  |TAMS 0x0000000089000000, 0x0000000089000000| Untracked 
|  45|0x0000000089100000, 0x0000000089100000, 0x0000000089200000|  0%| F|  |TAMS 0x0000000089100000, 0x0000000089100000| Untracked 
|  46|0x0000000089200000, 0x0000000089200000, 0x0000000089300000|  0%| F|  |TAMS 0x0000000089200000, 0x0000000089200000| Untracked 
|  47|0x0000000089300000, 0x0000000089300000, 0x0000000089400000|  0%| F|  |TAMS 0x0000000089300000, 0x0000000089300000| Untracked 
|  48|0x0000000089400000, 0x0000000089400000, 0x0000000089500000|  0%| F|  |TAMS 0x0000000089400000, 0x0000000089400000| Untracked 
|  49|0x0000000089500000, 0x0000000089500000, 0x0000000089600000|  0%| F|  |TAMS 0x0000000089500000, 0x0000000089500000| Untracked 
|  50|0x0000000089600000, 0x0000000089600000, 0x0000000089700000|  0%| F|  |TAMS 0x0000000089600000, 0x0000000089600000| Untracked 
|  51|0x0000000089700000, 0x0000000089700000, 0x0000000089800000|  0%| F|  |TAMS 0x0000000089700000, 0x0000000089700000| Untracked 
|  52|0x0000000089800000, 0x0000000089800000, 0x0000000089900000|  0%| F|  |TAMS 0x0000000089800000, 0x0000000089800000| Untracked 
|  53|0x0000000089900000, 0x0000000089900000, 0x0000000089a00000|  0%| F|  |TAMS 0x0000000089900000, 0x0000000089900000| Untracked 
|  54|0x0000000089a00000, 0x0000000089a00000, 0x0000000089b00000|  0%| F|  |TAMS 0x0000000089a00000, 0x0000000089a00000| Untracked 
|  55|0x0000000089b00000, 0x0000000089b00000, 0x0000000089c00000|  0%| F|  |TAMS 0x0000000089b00000, 0x0000000089b00000| Untracked 
|  56|0x0000000089c00000, 0x0000000089c00000, 0x0000000089d00000|  0%| F|  |TAMS 0x0000000089c00000, 0x0000000089c00000| Untracked 
|  57|0x0000000089d00000, 0x0000000089d00000, 0x0000000089e00000|  0%| F|  |TAMS 0x0000000089d00000, 0x0000000089d00000| Untracked 
|  58|0x0000000089e00000, 0x0000000089e00000, 0x0000000089f00000|  0%| F|  |TAMS 0x0000000089e00000, 0x0000000089e00000| Untracked 
|  59|0x0000000089f00000, 0x0000000089f00000, 0x000000008a000000|  0%| F|  |TAMS 0x0000000089f00000, 0x0000000089f00000| Untracked 
|  60|0x000000008a000000, 0x000000008a000000, 0x000000008a100000|  0%| F|  |TAMS 0x000000008a000000, 0x000000008a000000| Untracked 
|  61|0x000000008a100000, 0x000000008a100000, 0x000000008a200000|  0%| F|  |TAMS 0x000000008a100000, 0x000000008a100000| Untracked 
|  62|0x000000008a200000, 0x000000008a200000, 0x000000008a300000|  0%| F|  |TAMS 0x000000008a200000, 0x000000008a200000| Untracked 
|  63|0x000000008a300000, 0x000000008a300000, 0x000000008a400000|  0%| F|  |TAMS 0x000000008a300000, 0x000000008a300000| Untracked 
|  64|0x000000008a400000, 0x000000008a400000, 0x000000008a500000|  0%| F|  |TAMS 0x000000008a400000, 0x000000008a400000| Untracked 
|  65|0x000000008a500000, 0x000000008a500000, 0x000000008a600000|  0%| F|  |TAMS 0x000000008a500000, 0x000000008a500000| Untracked 
|  66|0x000000008a600000, 0x000000008a600000, 0x000000008a700000|  0%| F|  |TAMS 0x000000008a600000, 0x000000008a600000| Untracked 
|  67|0x000000008a700000, 0x000000008a700000, 0x000000008a800000|  0%| F|  |TAMS 0x000000008a700000, 0x000000008a700000| Untracked 
|  68|0x000000008a800000, 0x000000008a800000, 0x000000008a900000|  0%| F|  |TAMS 0x000000008a800000, 0x000000008a800000| Untracked 
|  69|0x000000008a900000, 0x000000008a900000, 0x000000008aa00000|  0%| F|  |TAMS 0x000000008a900000, 0x000000008a900000| Untracked 
|  70|0x000000008aa00000, 0x000000008aa00000, 0x000000008ab00000|  0%| F|  |TAMS 0x000000008aa00000, 0x000000008aa00000| Untracked 
|  71|0x000000008ab00000, 0x000000008ab00000, 0x000000008ac00000|  0%| F|  |TAMS 0x000000008ab00000, 0x000000008ab00000| Untracked 
|  72|0x000000008ac00000, 0x000000008ac00000, 0x000000008ad00000|  0%| F|  |TAMS 0x000000008ac00000, 0x000000008ac00000| Untracked 
|  73|0x000000008ad00000, 0x000000008ad00000, 0x000000008ae00000|  0%| F|  |TAMS 0x000000008ad00000, 0x000000008ad00000| Untracked 
|  74|0x000000008ae00000, 0x000000008ae00000, 0x000000008af00000|  0%| F|  |TAMS 0x000000008ae00000, 0x000000008ae00000| Untracked 
|  75|0x000000008af00000, 0x000000008af0b990, 0x000000008b000000|  4%| S|CS|TAMS 0x000000008af00000, 0x000000008af00000| Complete 
|  76|0x000000008b000000, 0x000000008b000000, 0x000000008b100000|  0%| F|  |TAMS 0x000000008b000000, 0x000000008b000000| Untracked 
| 146|0x000000008f600000, 0x000000008f600000, 0x000000008f700000|  0%| F|  |TAMS 0x000000008f600000, 0x000000008f600000| Untracked 
|1946|0x00000000ffe00000, 0x00000000ffe52000, 0x00000000fff00000| 32%|OA|  |TAMS 0x00000000ffe52000, 0x00000000ffe00000| Untracked 
|1947|0x00000000fff00000, 0x00000000fff7c000, 0x0000000100000000| 48%|CA|  |TAMS 0x00000000fff7c000, 0x00000000fff00000| Untracked 

Card table byte_map: [0x00007ffb00bf4000,0x00007ffb00fc2000] _byte_map_base: 0x00007ffb007c2000

Marking Bits (Prev, Next): (CMBitMap*) 0x00007ffafc06a120, (CMBitMap*) 0x00007ffafc06a0e0
 Prev Bits: [0x00007ffae1038000, 0x00007ffae2ea8000)
 Next Bits: [0x00007ffae2ea8000, 0x00007ffae4d18000)

Polling page: 0x00007ffb03139000

Metaspace:

Usage:
  Non-class:     48.11 MB capacity,    47.85 MB (>99%) used,   191.30 KB ( <1%) free+waste,    73.56 KB ( <1%) overhead. 
      Class:      6.49 MB capacity,     6.31 MB ( 97%) used,   158.27 KB (  2%) free+waste,    26.25 KB ( <1%) overhead. 
       Both:     54.60 MB capacity,    54.16 MB (>99%) used,   349.57 KB ( <1%) free+waste,    99.81 KB ( <1%) overhead. 

Virtual space:
  Non-class space:       50.00 MB reserved,      48.67 MB ( 97%) committed 
      Class space:        1.00 GB reserved,       6.62 MB ( <1%) committed 
             Both:        1.05 GB reserved,      55.30 MB (  5%) committed 

Chunk freelists:
   Non-Class:  496.00 KB
       Class:  61.00 KB
        Both:  557.00 KB

MaxMetaspaceSize: 17179869184.00 GB
CompressedClassSpaceSize: 1.00 GB

CodeHeap 'non-profiled nmethods': size=120036Kb used=8648Kb max_used=8648Kb free=111387Kb
 bounds [0x00007ffaec7df000, 0x00007ffaed05f000, 0x00007ffaf3d18000]
CodeHeap 'profiled nmethods': size=120032Kb used=17694Kb max_used=20869Kb free=102337Kb
 bounds [0x00007ffae52a7000, 0x00007ffae6717000, 0x00007ffaec7df000]
CodeHeap 'non-nmethods': size=5692Kb used=1303Kb max_used=1415Kb free=4388Kb
 bounds [0x00007ffae4d18000, 0x00007ffae4f88000, 0x00007ffae52a7000]
 total_blobs=10820 nmethods=10229 adapters=503
 compilation: enabled
              stopped_count=0, restarted_count=0
 full_count=0

Compilation events (20 events):
Event: 17667.153 Thread 0x00007ffafc15cc80 13129       3       sun.management.Util::newObjectName (11 bytes)
Event: 17667.637 Thread 0x00007ffafc15b450 nmethod 13128 0x00007ffaed04fb90 code [0x00007ffaed04fd00, 0x00007ffaed04ff98]
Event: 17667.918 Thread 0x00007ffafc15cc80 nmethod 13129 0x00007ffae551bb10 code [0x00007ffae551bee0, 0x00007ffae551dda0]
Event: 17710.453 Thread 0x00007ffafc15cc80 13130       3       org.apache.tomcat.util.net.NioEndpoint$PollerEvent::reset (11 bytes)
Event: 17711.313 Thread 0x00007ffafc15cc80 nmethod 13130 0x00007ffae57b1490 code [0x00007ffae57b1620, 0x00007ffae57b1770]
Event: 17763.709 Thread 0x00007ffafc15cc80 13132       3       io.micrometer.core.instrument.distribution.TimeWindowMax::lambda$record$0 (10 bytes)
Event: 17763.809 Thread 0x00007ffafc15b450 13133       4       io.netty.buffer.AbstractByteBuf::checkReadableBytes0 (72 bytes)
Event: 17764.160 Thread 0x00007ffafc15cc80 nmethod 13132 0x00007ffae57c3490 code [0x00007ffae57c3640, 0x00007ffae57c3760]
Event: 17771.164 Thread 0x00007ffafc15b450 nmethod 13133 0x00007ffaed050090 code [0x00007ffaed050220, 0x00007ffaed050338]
Event: 17805.076 Thread 0x00007ffafc15cc80 13135       3       io.micrometer.core.instrument.cumulative.CumulativeTimer::recordNonNegative (45 bytes)
Event: 17821.505 Thread 0x00007ffafc15cc80 nmethod 13135 0x00007ffae5b7ee10 code [0x00007ffae5b7f060, 0x00007ffae5b7f880]
Event: 17821.638 Thread 0x00007ffafc15cc80 13136       3       io.micrometer.core.instrument.distribution.TimeWindowMax::record (53 bytes)
Event: 17829.342 Thread 0x00007ffafc15cc80 nmethod 13136 0x00007ffae5731510 code [0x00007ffae5731700, 0x00007ffae5731ae0]
Event: 17843.638 Thread 0x00007ffafc15b450 13137       4       reactor.core.publisher.FluxFlatMap$FlatMapMain::drain (40 bytes)
Event: 17862.422 Thread 0x00007ffafc15cc80 13138   !   3       org.apache.catalina.core.StandardWrapperValve::invoke (2665 bytes)
Event: 17867.016 Thread 0x00007ffafc15b450 nmethod 13137 0x00007ffaed050490 code [0x00007ffaed050620, 0x00007ffaed0506e8]
Event: 17902.200 Thread 0x00007ffafc15b450 13140   !   4       java.util.AbstractSet::equals (45 bytes)
Event: 17920.471 Thread 0x00007ffafc15b450 nmethod 13140 0x00007ffaed050790 code [0x00007ffaed050940, 0x00007ffaed050ac8]
Event: 17920.635 Thread 0x00007ffafc15b450 13141       4       com.fasterxml.jackson.core.json.UTF8JsonGenerator::_flushBuffer (28 bytes)
Event: 17929.351 Thread 0x00007ffafc15b450 nmethod 13141 0x00007ffaed050d10 code [0x00007ffaed050ea0, 0x00007ffaed050fc8]

GC Heap History (20 events):
Event: 17929.002 GC heap after
{Heap after GC invocations=232 (full 0):
 garbage-first heap   total 61440K, used 26017K [0x0000000086400000, 0x0000000100000000)
  region size 1024K, 1 young (1024K), 1 survivors (1024K)
 Metaspace       used 55457K, capacity 55907K, committed 56624K, reserved 1099776K
  class space    used 6458K, capacity 6643K, committed 6784K, reserved 1048576K
}
Event: 17939.705 GC heap before
{Heap before GC invocations=232 (full 0):
 garbage-first heap   total 61440K, used 28065K [0x0000000086400000, 0x0000000100000000)
  region size 1024K, 3 young (3072K), 1 survivors (1024K)
 Metaspace       used 55457K, capacity 55907K, committed 56624K, reserved 1099776K
  class space    used 6458K, capacity 6643K, committed 6784K, reserved 1048576K
}
Event: 17940.753 GC heap after
{Heap after GC invocations=233 (full 0):
 garbage-first heap   total 61440K, used 26021K [0x0000000086400000, 0x0000000100000000)
  region size 1024K, 1 young (1024K), 1 survivors (1024K)
 Metaspace       used 55457K, capacity 55907K, committed 56624K, reserved 1099776K
  class space    used 6458K, capacity 6643K, committed 6784K, reserved 1048576K
}
Event: 17941.907 GC heap before
{Heap before GC invocations=233 (full 0):
 garbage-first heap   total 61440K, used 28069K [0x0000000086400000, 0x0000000100000000)
  region size 1024K, 3 young (3072K), 1 survivors (1024K)
 Metaspace       used 55457K, capacity 55907K, committed 56624K, reserved 1099776K
  class space    used 6458K, capacity 6643K, committed 6784K, reserved 1048576K
}
Event: 17943.219 GC heap after
{Heap after GC invocations=234 (full 0):
 garbage-first heap   total 61440K, used 26027K [0x0000000086400000, 0x0000000100000000)
  region size 1024K, 1 young (1024K), 1 survivors (1024K)
 Metaspace       used 55457K, capacity 55907K, committed 56624K, reserved 1099776K
  class space    used 6458K, capacity 6643K, committed 6784K, reserved 1048576K
}
Event: 17948.698 GC heap before
{Heap before GC invocations=234 (full 0):
 garbage-first heap   total 61440K, used 28075K [0x0000000086400000, 0x0000000100000000)
  region size 1024K, 3 young (3072K), 1 survivors (1024K)
 Metaspace       used 55457K, capacity 55907K, committed 56624K, reserved 1099776K
  class space    used 6458K, capacity 6643K, committed 6784K, reserved 1048576K
}
Event: 17949.807 GC heap after
{Heap after GC invocations=235 (full 0):
 garbage-first heap   total 61440K, used 26026K [0x0000000086400000, 0x0000000100000000)
  region size 1024K, 1 young (1024K), 1 survivors (1024K)
 Metaspace       used 55457K, capacity 55907K, committed 56624K, reserved 1099776K
  class space    used 6458K, capacity 6643K, committed 6784K, reserved 1048576K
}
Event: 17958.162 GC heap before
{Heap before GC invocations=235 (full 0):
 garbage-first heap   total 61440K, used 28074K [0x0000000086400000, 0x0000000100000000)
  region size 1024K, 3 young (3072K), 1 survivors (1024K)
 Metaspace       used 55457K, capacity 55907K, committed 56624K, reserved 1099776K
  class space    used 6458K, capacity 6643K, committed 6784K, reserved 1048576K
}
Event: 17959.426 GC heap after
{Heap after GC invocations=236 (full 0):
 garbage-first heap   total 61440K, used 26021K [0x0000000086400000, 0x0000000100000000)
  region size 1024K, 1 young (1024K), 1 survivors (1024K)
 Metaspace       used 55457K, capacity 55907K, committed 56624K, reserved 1099776K
  class space    used 6458K, capacity 6643K, committed 6784K, reserved 1048576K
}
Event: 17968.370 GC heap before
{Heap before GC invocations=236 (full 0):
 garbage-first heap   total 61440K, used 28069K [0x0000000086400000, 0x0000000100000000)
  region size 1024K, 3 young (3072K), 1 survivors (1024K)
 Metaspace       used 55457K, capacity 55907K, committed 56624K, reserved 1099776K
  class space    used 6458K, capacity 6643K, committed 6784K, reserved 1048576K
}
Event: 17969.453 GC heap after
{Heap after GC invocations=237 (full 0):
 garbage-first heap   total 61440K, used 26031K [0x0000000086400000, 0x0000000100000000)
  region size 1024K, 1 young (1024K), 1 survivors (1024K)
 Metaspace       used 55457K, capacity 55907K, committed 56624K, reserved 1099776K
  class space    used 6458K, capacity 6643K, committed 6784K, reserved 1048576K
}
Event: 17977.996 GC heap before
{Heap before GC invocations=237 (full 0):
 garbage-first heap   total 61440K, used 28079K [0x0000000086400000, 0x0000000100000000)
  region size 1024K, 3 young (3072K), 1 survivors (1024K)
 Metaspace       used 55457K, capacity 55907K, committed 56624K, reserved 1099776K
  class space    used 6458K, capacity 6643K, committed 6784K, reserved 1048576K
}
Event: 17979.064 GC heap after
{Heap after GC invocations=238 (full 0):
 garbage-first heap   total 73728K, used 26035K [0x0000000086400000, 0x0000000100000000)
  region size 1024K, 1 young (1024K), 1 survivors (1024K)
 Metaspace       used 55457K, capacity 55907K, committed 56624K, reserved 1099776K
  class space    used 6458K, capacity 6643K, committed 6784K, reserved 1048576K
}
Event: 17984.030 GC heap before
{Heap before GC invocations=238 (full 0):
 garbage-first heap   total 73728K, used 28083K [0x0000000086400000, 0x0000000100000000)
  region size 1024K, 3 young (3072K), 1 survivors (1024K)
 Metaspace       used 55457K, capacity 55907K, committed 56624K, reserved 1099776K
  class space    used 6458K, capacity 6643K, committed 6784K, reserved 1048576K
}
Event: 17985.497 GC heap after
{Heap after GC invocations=239 (full 0):
 garbage-first heap   total 73728K, used 26050K [0x0000000086400000, 0x0000000100000000)
  region size 1024K, 1 young (1024K), 1 survivors (1024K)
 Metaspace       used 55457K, capacity 55907K, committed 56624K, reserved 1099776K
  class space    used 6458K, capacity 6643K, committed 6784K, reserved 1048576K
}
Event: 17989.788 GC heap before
{Heap before GC invocations=239 (full 0):
 garbage-first heap   total 73728K, used 28098K [0x0000000086400000, 0x0000000100000000)
  region size 1024K, 3 young (3072K), 1 survivors (1024K)
 Metaspace       used 55457K, capacity 55907K, committed 56624K, reserved 1099776K
  class space    used 6458K, capacity 6643K, committed 6784K, reserved 1048576K
}
Event: 17990.941 GC heap after
{Heap after GC invocations=240 (full 0):
 garbage-first heap   total 73728K, used 26044K [0x0000000086400000, 0x0000000100000000)
  region size 1024K, 1 young (1024K), 1 survivors (1024K)
 Metaspace       used 55457K, capacity 55907K, committed 56624K, reserved 1099776K
  class space    used 6458K, capacity 6643K, committed 6784K, reserved 1048576K
}
Event: 17997.965 GC heap before
{Heap before GC invocations=240 (full 0):
 garbage-first heap   total 73728K, used 28092K [0x0000000086400000, 0x0000000100000000)
  region size 1024K, 3 young (3072K), 1 survivors (1024K)
 Metaspace       used 55457K, capacity 55907K, committed 56624K, reserved 1099776K
  class space    used 6458K, capacity 6643K, committed 6784K, reserved 1048576K
}
Event: 17999.662 GC heap after
{Heap after GC invocations=241 (full 0):
 garbage-first heap   total 73728K, used 26043K [0x0000000086400000, 0x0000000100000000)
  region size 1024K, 1 young (1024K), 1 survivors (1024K)
 Metaspace       used 55457K, capacity 55907K, committed 56624K, reserved 1099776K
  class space    used 6458K, capacity 6643K, committed 6784K, reserved 1048576K
}
Event: 18011.533 GC heap before
{Heap before GC invocations=241 (full 0):
 garbage-first heap   total 73728K, used 28091K [0x0000000086400000, 0x0000000100000000)
  region size 1024K, 3 young (3072K), 1 survivors (1024K)
 Metaspace       used 55457K, capacity 55907K, committed 56624K, reserved 1099776K
  class space    used 6458K, capacity 6643K, committed 6784K, reserved 1048576K
}

Deoptimization events (20 events):
Event: 16066.731 Thread 0x00007ffafd33d1b0 Uncommon trap: trap_request=0xffffff45 fr.pc=0x00007ffaecff0618 relative=0x0000000000000498
Event: 16066.731 Thread 0x00007ffafd33d1b0 Uncommon trap: reason=unstable_if action=reinterpret pc=0x00007ffaecff0618 method=io.micrometer.core.instrument.distribution.TimeWindowMax.rotate()V @ 120 c2
Event: 16066.731 Thread 0x00007ffafd33d1b0 DEOPT PACKING pc=0x00007ffaecff0618 sp=0x00007ffa826ec950
Event: 16066.731 Thread 0x00007ffafd33d1b0 DEOPT UNPACKING pc=0x00007ffae4d66125 sp=0x00007ffa826ec748 mode 2
Event: 16073.527 Thread 0x00007ffaac365110 Uncommon trap: trap_request=0xffffff45 fr.pc=0x00007ffaece87214 relative=0x0000000000000434
Event: 16073.527 Thread 0x00007ffaac365110 Uncommon trap: reason=unstable_if action=reinterpret pc=0x00007ffaece87214 method=io.micrometer.core.instrument.distribution.TimeWindowMax.rotate()V @ 120 c2
Event: 16073.527 Thread 0x00007ffaac365110 DEOPT PACKING pc=0x00007ffaece87214 sp=0x00007ffa815cb750
Event: 16073.527 Thread 0x00007ffaac365110 DEOPT UNPACKING pc=0x00007ffae4d66125 sp=0x00007ffa815cb658 mode 2
Event: 17227.344 Thread 0x00007ffafd338db0 Uncommon trap: trap_request=0xffffff45 fr.pc=0x00007ffaecfb181c relative=0x000000000000425c
Event: 17227.359 Thread 0x00007ffafd338db0 Uncommon trap: reason=unstable_if action=reinterpret pc=0x00007ffaecfb181c method=org.apache.catalina.core.StandardWrapperValve.invoke(Lorg/apache/catalina/connector/Request;Lorg/apache/catalina/connector/Response;)V @ 889 c2
Event: 17227.375 Thread 0x00007ffafd338db0 DEOPT PACKING pc=0x00007ffaecfb181c sp=0x00007ffa829f0100
Event: 17227.388 Thread 0x00007ffafd338db0 DEOPT UNPACKING pc=0x00007ffae4d66125 sp=0x00007ffa829f00c8 mode 2
Event: 17824.841 Thread 0x00007ffa9020e6c0 Uncommon trap: trap_request=0xffffff45 fr.pc=0x00007ffaed017830 relative=0x00000000000007b0
Event: 17824.906 Thread 0x00007ffa9020e6c0 Uncommon trap: reason=unstable_if action=reinterpret pc=0x00007ffaed017830 method=java.util.concurrent.ScheduledThreadPoolExecutor$DelayedWorkQueue.take()Ljava/util/concurrent/RunnableScheduledFuture; @ 59 c2
Event: 17825.079 Thread 0x00007ffa9020e6c0 DEOPT PACKING pc=0x00007ffaed017830 sp=0x00007ffad03ee800
Event: 17825.186 Thread 0x00007ffa9020e6c0 DEOPT UNPACKING pc=0x00007ffae4d66125 sp=0x00007ffad03ee7a0 mode 2
Event: 17945.331 Thread 0x00007ffa9020e6c0 Uncommon trap: trap_request=0xffffff45 fr.pc=0x00007ffaecdb84ec relative=0x0000000000000a8c
Event: 17945.387 Thread 0x00007ffa9020e6c0 Uncommon trap: reason=unstable_if action=reinterpret pc=0x00007ffaecdb84ec method=java.util.concurrent.locks.AbstractQueuedSynchronizer$ConditionObject.unlinkCancelledWaiters(Ljava/util/concurrent/locks/AbstractQueuedSynchronizer$ConditionNode;)V @ 51 c2
Event: 17945.439 Thread 0x00007ffa9020e6c0 DEOPT PACKING pc=0x00007ffaecdb84ec sp=0x00007ffad03ee720
Event: 17945.481 Thread 0x00007ffa9020e6c0 DEOPT UNPACKING pc=0x00007ffae4d66125 sp=0x00007ffad03ee650 mode 2

Classes unloaded (20 events):
Event: 1926.763 Thread 0x00007ffafc14e440 Unloading class 0x0000000800c50440 'java/lang/invoke/LambdaForm$MH+0x0000000800c50440'
Event: 1926.763 Thread 0x00007ffafc14e440 Unloading class 0x0000000800c50040 'java/lang/invoke/LambdaForm$MH+0x0000000800c50040'
Event: 1926.763 Thread 0x00007ffafc14e440 Unloading class 0x0000000800c08c40 'java/lang/invoke/LambdaForm$MH+0x0000000800c08c40'
Event: 1926.763 Thread 0x00007ffafc14e440 Unloading class 0x0000000800c08840 'java/lang/invoke/LambdaForm$MH+0x0000000800c08840'
Event: 1926.763 Thread 0x00007ffafc14e440 Unloading class 0x0000000800c0c440 'java/lang/invoke/LambdaForm$MH+0x0000000800c0c440'
Event: 1926.763 Thread 0x00007ffafc14e440 Unloading class 0x0000000800c0c040 'java/lang/invoke/LambdaForm$MH+0x0000000800c0c040'
Event: 1926.763 Thread 0x00007ffafc14e440 Unloading class 0x0000000800c0cc40 'java/lang/invoke/LambdaForm$MH+0x0000000800c0cc40'
Event: 1926.763 Thread 0x00007ffafc14e440 Unloading class 0x0000000800c0c840 'java/lang/invoke/LambdaForm$MH+0x0000000800c0c840'
Event: 1926.763 Thread 0x00007ffafc14e440 Unloading class 0x0000000800c0d440 'java/lang/invoke/LambdaForm$MH+0x0000000800c0d440'
Event: 1926.763 Thread 0x00007ffafc14e440 Unloading class 0x0000000800c0dc40 'java/lang/invoke/LambdaForm$MH+0x0000000800c0dc40'
Event: 1926.763 Thread 0x00007ffafc14e440 Unloading class 0x0000000800baac40 'java/lang/invoke/LambdaForm$MH+0x0000000800baac40'
Event: 1926.763 Thread 0x00007ffafc14e440 Unloading class 0x0000000800bab440 'java/lang/invoke/LambdaForm$MH+0x0000000800bab440'
Event: 1926.763 Thread 0x00007ffafc14e440 Unloading class 0x0000000800bab040 'java/lang/invoke/LambdaForm$MH+0x0000000800bab040'
Event: 1926.763 Thread 0x00007ffafc14e440 Unloading class 0x0000000800babc40 'java/lang/invoke/LambdaForm$MH+0x0000000800babc40'
Event: 1926.764 Thread 0x00007ffafc14e440 Unloading class 0x0000000800bab840 'java/lang/invoke/LambdaForm$MH+0x0000000800bab840'
Event: 1926.764 Thread 0x00007ffafc14e440 Unloading class 0x0000000800bac440 'java/lang/invoke/LambdaForm$MH+0x0000000800bac440'
Event: 1926.764 Thread 0x00007ffafc14e440 Unloading class 0x0000000800bac040 'java/lang/invoke/LambdaForm$MH+0x0000000800bac040'
Event: 1926.764 Thread 0x00007ffafc14e440 Unloading class 0x0000000800bacc40 'java/lang/invoke/LambdaForm$MH+0x0000000800bacc40'
Event: 1926.764 Thread 0x00007ffafc14e440 Unloading class 0x0000000800bac840 'java/lang/invoke/LambdaForm$MH+0x0000000800bac840'
Event: 1926.764 Thread 0x00007ffafc14e440 Unloading class 0x0000000800bad040 'java/lang/invoke/LambdaForm$MH+0x0000000800bad040'

Classes redefined (0 events):
No events

Internal exceptions (20 events):
Event: 7.067 Thread 0x00007ffafd338300 Exception <a 'java/lang/NoSuchMethodError'{0x000000008ab7a520}: 'java.lang.Object java.lang.invoke.Invokers$Holder.linkToTargetMethod(java.lang.Object, int, java.lang.Object, java.lang.Object)'> (0x000000008ab7a520) 
thrown [open/src/hotspot/share/interpreter/linkResolver.cpp, line 781]
Event: 7.106 Thread 0x00007ffafd338300 Exception <a 'java/lang/NoSuchMethodError'{0x000000008917d6b0}: 'void java.lang.invoke.DirectMethodHandle$Holder.invokeStatic(java.lang.Object, java.lang.Object, long)'> (0x000000008917d6b0) 
thrown [open/src/hotspot/share/interpreter/linkResolver.cpp, line 781]
Event: 7.107 Thread 0x00007ffafd338300 Exception <a 'java/lang/NoSuchMethodError'{0x00000000891842a0}: 'java.lang.Object java.lang.invoke.DirectMethodHandle$Holder.newInvokeSpecial(java.lang.Object, java.lang.Object, long)'> (0x00000000891842a0) 
thrown [open/src/hotspot/share/interpreter/linkResolver.cpp, line 781]
Event: 7.107 Thread 0x00007ffafd338300 Exception <a 'java/lang/NoSuchMethodError'{0x0000000089188878}: 'java.lang.Object java.lang.invoke.Invokers$Holder.linkToTargetMethod(java.lang.Object, long, java.lang.Object)'> (0x0000000089188878) 
thrown [open/src/hotspot/share/interpreter/linkResolver.cpp, line 781]
Event: 7.195 Thread 0x00007ffaac3ceb00 Exception <a 'java/lang/NoSuchMethodError'{0x0000000088b6f848}: 'void java.lang.invoke.DirectMethodHandle$Holder.invokeStaticInit(java.lang.Object)'> (0x0000000088b6f848) 
thrown [open/src/hotspot/share/interpreter/linkResolver.cpp, line 781]
Event: 7.204 Thread 0x00007ffaac3ceb00 Exception <a 'java/lang/IncompatibleClassChangeError'{0x0000000088bc0ec0}: Found class java.lang.Object, but interface was expected> (0x0000000088bc0ec0) 
thrown [open/src/hotspot/share/interpreter/linkResolver.cpp, line 848]
Event: 176.717 Thread 0x00007ffafd3415f0 Implicit null exception at 0x00007ffaec9b7b6b to 0x00007ffaec9b7c48
Event: 186.780 Thread 0x00007ffafd342dc0 Implicit null exception at 0x00007ffaec9b9933 to 0x00007ffaec9b99fc
Event: 460.191 Thread 0x00007ffafd33fe20 Exception <a 'java/lang/NoSuchMethodError'{0x00000000890c94f0}: 'java.lang.Object java.lang.invoke.DirectMethodHandle$Holder.invokeStatic(java.lang.Object, int, java.lang.Object, java.lang.Object)'> (0x00000000890c94f0) 
thrown [open/src/hotspot/share/interpreter/linkResolver.cpp, line 781]
Event: 460.192 Thread 0x00007ffafd33fe20 Exception <a 'java/lang/NoSuchMethodError'{0x00000000890d17f0}: 'java.lang.Object java.lang.invoke.DirectMethodHandle$Holder.newInvokeSpecial(java.lang.Object, int, java.lang.Object, java.lang.Object)'> (0x00000000890d17f0) 
thrown [open/src/hotspot/share/interpreter/linkResolver.cpp, line 781]
Event: 460.192 Thread 0x00007ffafd33fe20 Exception <a 'java/lang/NoSuchMethodError'{0x00000000890d5ed0}: 'java.lang.Object java.lang.invoke.DirectMethodHandle$Holder.invokeSpecial(java.lang.Object, java.lang.Object, int, java.lang.Object, java.lang.Object)'> (0x00000000890d5ed0) 
thrown [open/src/hotspot/share/interpreter/linkResolver.cpp, line 781]
Event: 476.840 Thread 0x00007ffafd33baf0 Exception <a 'java/lang/NoSuchMethodError'{0x0000000088ff8d50}: 'java.lang.Object java.lang.invoke.DirectMethodHandle$Holder.invokeStatic(java.lang.Object, java.lang.Object, int, java.lang.Object)'> (0x0000000088ff8d50) 
thrown [open/src/hotspot/share/interpreter/linkResolver.cpp, line 781]
Event: 1846.714 Thread 0x00007ffafd344350 Implicit null exception at 0x00007ffaecc4768c to 0x00007ffaecc47740
Event: 12529.483 Thread 0x00007ffaa40056d0 Exception <a 'java/io/IOException'{0x0000000089418910}> (0x0000000089418910) 
thrown [open/src/hotspot/share/prims/jni.cpp, line 578]
Event: 12529.484 Thread 0x00007ffafd338300 Exception <a 'java/io/IOException'{0x000000008941b2c0}> (0x000000008941b2c0) 
thrown [open/src/hotspot/share/prims/jni.cpp, line 578]
Event: 17690.492 Thread 0x00007ffafd3415f0 Exception <a 'java/io/IOException'{0x000000008ad1f158}> (0x000000008ad1f158) 
thrown [open/src/hotspot/share/prims/jni.cpp, line 578]
Event: 17708.746 Thread 0x00007ffafd344350 Exception <a 'java/io/IOException'{0x00000000895488b0}> (0x00000000895488b0) 
thrown [open/src/hotspot/share/prims/jni.cpp, line 578]
Event: 17854.533 Thread 0x00007ffafd33baf0 Exception <a 'java/io/IOException'{0x0000000088ff8a50}> (0x0000000088ff8a50) 
thrown [open/src/hotspot/share/prims/jni.cpp, line 578]
Event: 17883.148 Thread 0x00007ffafd3415f0 Exception <a 'java/io/IOException'{0x0000000088812d40}> (0x0000000088812d40) 
thrown [open/src/hotspot/share/prims/jni.cpp, line 578]
Event: 17944.075 Thread 0x00007ffafd342dc0 Exception <a 'java/io/IOException'{0x000000008f685460}> (0x000000008f685460) 
thrown [open/src/hotspot/share/prims/jni.cpp, line 578]

Events (20 events):
Event: 17943.313 Executing VM operation: G1CollectForAllocation done
Event: 17948.518 Executing VM operation: G1CollectForAllocation
Event: 17950.015 Executing VM operation: G1CollectForAllocation done
Event: 17957.954 Executing VM operation: G1CollectForAllocation
Event: 17959.673 Executing VM operation: G1CollectForAllocation done
Event: 17968.077 Executing VM operation: G1CollectForAllocation
Event: 17969.634 Executing VM operation: G1CollectForAllocation done
Event: 17977.794 Executing VM operation: G1CollectForAllocation
Event: 17979.193 Executing VM operation: G1CollectForAllocation done
Event: 17979.199 Executing VM operation: HandshakeAllThreads
Event: 17979.228 Executing VM operation: HandshakeAllThreads done
Event: 17983.956 Executing VM operation: G1CollectForAllocation
Event: 17985.887 Executing VM operation: G1CollectForAllocation done
Event: 17985.890 Executing VM operation: HandshakeAllThreads
Event: 17986.063 Executing VM operation: HandshakeAllThreads done
Event: 17989.554 Executing VM operation: G1CollectForAllocation
Event: 17991.130 Executing VM operation: G1CollectForAllocation done
Event: 17997.780 Executing VM operation: G1CollectForAllocation
Event: 17999.829 Executing VM operation: G1CollectForAllocation done
Event: 18011.333 Executing VM operation: G1CollectForAllocation


Dynamic libraries:
86400000-8b100000 rw-p 00000000 00:00 0 
8ed00000-8f600000 ---p 00000000 00:00 0 
8f600000-8f700000 rw-p 00000000 00:00 0 
8f700000-ffe00000 ---p 00000000 00:00 0 
ffe00000-ffe52000 rw-p 00be4000 08:01 819571                             /home/debian/.jdks/openjdk-15.0.1/lib/server/classes.jsa
ffe52000-fff00000 rw-p 00000000 00:00 0 
fff00000-fff7c000 rw-p 00b68000 08:01 819571                             /home/debian/.jdks/openjdk-15.0.1/lib/server/classes.jsa
fff7c000-100000000 rw-p 00000000 00:00 0 
800000000-800003000 rwxp 00001000 08:01 819571                           /home/debian/.jdks/openjdk-15.0.1/lib/server/classes.jsa
800003000-8003e6000 rw-p 00004000 08:01 819571                           /home/debian/.jdks/openjdk-15.0.1/lib/server/classes.jsa
8003e6000-800b33000 r--p 003e7000 08:01 819571                           /home/debian/.jdks/openjdk-15.0.1/lib/server/classes.jsa
800b33000-800b34000 ---p 00000000 00:00 0 
800b34000-8011d4000 rw-p 00000000 00:00 0 
8011d4000-840b34000 ---p 00000000 00:00 0 
558b411ef000-558b411f0000 r-xp 00000000 08:01 809479                     /home/debian/.jdks/openjdk-15.0.1/bin/java
558b411f1000-558b411f2000 r--p 00001000 08:01 809479                     /home/debian/.jdks/openjdk-15.0.1/bin/java
558b411f2000-558b411f3000 rw-p 00002000 08:01 809479                     /home/debian/.jdks/openjdk-15.0.1/bin/java
558b413ed000-558b41478000 rw-p 00000000 00:00 0                          [heap]
7ffa7bfb4000-7ffa7c074000 rw-p 00000000 00:00 0 
7ffa7c074000-7ffa7c1b4000 ---p 00000000 00:00 0 
7ffa7c1b6000-7ffa7c1b7000 ---p 00000000 00:00 0 
7ffa7c1b7000-7ffa7c4b8000 rw-p 00000000 00:00 0 
7ffa7c4bb000-7ffa7c4bf000 ---p 00000000 00:00 0 
7ffa7c4bf000-7ffa7c5bc000 rw-p 00000000 00:00 0 
7ffa7c5bc000-7ffa7c5c0000 ---p 00000000 00:00 0 
7ffa7c5c0000-7ffa7c6bd000 rw-p 00000000 00:00 0 
7ffa7c6bd000-7ffa7c6c1000 ---p 00000000 00:00 0 
7ffa7c6c1000-7ffa7c7be000 rw-p 00000000 00:00 0 
7ffa7c7be000-7ffa7c7c2000 ---p 00000000 00:00 0 
7ffa7c7c2000-7ffa7c8bf000 rw-p 00000000 00:00 0 
7ffa7c8bf000-7ffa7c8c3000 ---p 00000000 00:00 0 
7ffa7c8c3000-7ffa7c9c0000 rw-p 00000000 00:00 0 
7ffa7c9c0000-7ffa7c9c4000 ---p 00000000 00:00 0 
7ffa7c9c4000-7ffa7fcc4000 rw-p 00000000 00:00 0 
7ffa7fcc7000-7ffa7fccb000 ---p 00000000 00:00 0 
7ffa7fccb000-7ffa7ffc8000 rw-p 00000000 00:00 0 
7ffa7ffc8000-7ffa801c8000 rw-p 00000000 00:00 0 
7ffa801cb000-7ffa813cc000 rw-p 00000000 00:00 0 
7ffa813cc000-7ffa813d0000 ---p 00000000 00:00 0 
7ffa813d0000-7ffa814cd000 rw-p 00000000 00:00 0 
7ffa814cd000-7ffa814d1000 ---p 00000000 00:00 0 
7ffa814d1000-7ffa815ce000 rw-p 00000000 00:00 0 
7ffa815ce000-7ffa815d2000 ---p 00000000 00:00 0 
7ffa815d2000-7ffa816cf000 rw-p 00000000 00:00 0 
7ffa816cf000-7ffa816d3000 ---p 00000000 00:00 0 
7ffa816d3000-7ffa817d0000 rw-p 00000000 00:00 0 
7ffa817d0000-7ffa817df000 r-xp 00000000 08:01 4702                       /tmp/libnetty_transport_native_epoll_x86_64827454970514396960.so (deleted)
7ffa817df000-7ffa819de000 ---p 0000f000 08:01 4702                       /tmp/libnetty_transport_native_epoll_x86_64827454970514396960.so (deleted)
7ffa819de000-7ffa819e0000 rw-p 0000e000 08:01 4702                       /tmp/libnetty_transport_native_epoll_x86_64827454970514396960.so (deleted)
7ffa819e0000-7ffa81be0000 rw-p 00000000 00:00 0 
7ffa81be3000-7ffa81be7000 ---p 00000000 00:00 0 
7ffa81be7000-7ffa81ee4000 rw-p 00000000 00:00 0 
7ffa81ee7000-7ffa81eeb000 ---p 00000000 00:00 0 
7ffa81eeb000-7ffa81fe8000 rw-p 00000000 00:00 0 
7ffa81fe8000-7ffa81fec000 ---p 00000000 00:00 0 
7ffa81fec000-7ffa820e9000 rw-p 00000000 00:00 0 
7ffa820e9000-7ffa820ed000 ---p 00000000 00:00 0 
7ffa820ed000-7ffa821ea000 rw-p 00000000 00:00 0 
7ffa821ea000-7ffa821ee000 ---p 00000000 00:00 0 
7ffa821ee000-7ffa822eb000 rw-p 00000000 00:00 0 
7ffa822eb000-7ffa822ef000 ---p 00000000 00:00 0 
7ffa822ef000-7ffa823ec000 rw-p 00000000 00:00 0 
7ffa823ec000-7ffa823f0000 ---p 00000000 00:00 0 
7ffa823f0000-7ffa824ed000 rw-p 00000000 00:00 0 
7ffa824ed000-7ffa824f1000 ---p 00000000 00:00 0 
7ffa824f1000-7ffa825ee000 rw-p 00000000 00:00 0 
7ffa825ee000-7ffa825f2000 ---p 00000000 00:00 0 
7ffa825f2000-7ffa826ef000 rw-p 00000000 00:00 0 
7ffa826ef000-7ffa826f3000 ---p 00000000 00:00 0 
7ffa826f3000-7ffa827f0000 rw-p 00000000 00:00 0 
7ffa827f0000-7ffa827f4000 ---p 00000000 00:00 0 
7ffa827f4000-7ffa828f1000 rw-p 00000000 00:00 0 
7ffa828f1000-7ffa828f5000 ---p 00000000 00:00 0 
7ffa828f5000-7ffa829f2000 rw-p 00000000 00:00 0 
7ffa829f2000-7ffa829f6000 ---p 00000000 00:00 0 
7ffa829f6000-7ffa82af3000 rw-p 00000000 00:00 0 
7ffa82af3000-7ffa82af7000 ---p 00000000 00:00 0 
7ffa82af7000-7ffa82df4000 rw-p 00000000 00:00 0 
7ffa82df6000-7ffa82dfa000 ---p 00000000 00:00 0 
7ffa82dfa000-7ffa82ef7000 rw-p 00000000 00:00 0 
7ffa82ef7000-7ffa82efb000 ---p 00000000 00:00 0 
7ffa82efb000-7ffa82ff8000 rw-p 00000000 00:00 0 
7ffa82ff8000-7ffa82ffc000 ---p 00000000 00:00 0 
7ffa82ffc000-7ffa830f9000 rw-p 00000000 00:00 0 
7ffa830f9000-7ffa830fd000 ---p 00000000 00:00 0 
7ffa830fd000-7ffa831fa000 rw-p 00000000 00:00 0 
7ffa831fa000-7ffa831fe000 ---p 00000000 00:00 0 
7ffa831fe000-7ffa832fb000 rw-p 00000000 00:00 0 
7ffa832fb000-7ffa832ff000 ---p 00000000 00:00 0 
7ffa832ff000-7ffa833fc000 rw-p 00000000 00:00 0 
7ffa833fc000-7ffa83400000 ---p 00000000 00:00 0 
7ffa83400000-7ffa834fd000 rw-p 00000000 00:00 0 
7ffa834fd000-7ffa83501000 ---p 00000000 00:00 0 
7ffa83501000-7ffa835fe000 rw-p 00000000 00:00 0 
7ffa835fe000-7ffa83602000 ---p 00000000 00:00 0 
7ffa83602000-7ffa836ff000 rw-p 00000000 00:00 0 
7ffa836ff000-7ffa83703000 ---p 00000000 00:00 0 
7ffa83703000-7ffa83a00000 rw-p 00000000 00:00 0 
7ffa83a00000-7ffa83c00000 rw-p 00000000 00:00 0 
7ffa83c00000-7ffa83e00000 rw-p 00000000 00:00 0 
7ffa83e00000-7ffa84000000 rw-p 00000000 00:00 0 
7ffa84000000-7ffa841db000 rw-p 00000000 00:00 0 
7ffa841db000-7ffa88000000 ---p 00000000 00:00 0 
7ffa88000000-7ffa88021000 rw-p 00000000 00:00 0 
7ffa88021000-7ffa8c000000 ---p 00000000 00:00 0 
7ffa8c000000-7ffa8c059000 rw-p 00000000 00:00 0 
7ffa8c059000-7ffa90000000 ---p 00000000 00:00 0 
7ffa90000000-7ffa9022e000 rw-p 00000000 00:00 0 
7ffa9022e000-7ffa94000000 ---p 00000000 00:00 0 
7ffa94000000-7ffa94021000 rw-p 00000000 00:00 0 
7ffa94021000-7ffa98000000 ---p 00000000 00:00 0 
7ffa98000000-7ffa98074000 rw-p 00000000 00:00 0 
7ffa98074000-7ffa9c000000 ---p 00000000 00:00 0 
7ffa9c000000-7ffa9c021000 rw-p 00000000 00:00 0 
7ffa9c021000-7ffaa0000000 ---p 00000000 00:00 0 
7ffaa0000000-7ffaa004d000 rw-p 00000000 00:00 0 
7ffaa004d000-7ffaa4000000 ---p 00000000 00:00 0 
7ffaa4000000-7ffaa4021000 rw-p 00000000 00:00 0 
7ffaa4021000-7ffaa8000000 ---p 00000000 00:00 0 
7ffaa8000000-7ffaa8021000 rw-p 00000000 00:00 0 
7ffaa8021000-7ffaac000000 ---p 00000000 00:00 0 
7ffaac000000-7ffaaedf1000 rw-p 00000000 00:00 0 
7ffaaedf1000-7ffab0000000 ---p 00000000 00:00 0 
7ffab0000000-7ffab0b84000 rw-p 00000000 00:00 0 
7ffab0b84000-7ffab4000000 ---p 00000000 00:00 0 
7ffab4000000-7ffab40b2000 rw-p 00000000 00:00 0 
7ffab40b2000-7ffab8000000 ---p 00000000 00:00 0 
7ffab8000000-7ffab8035000 rw-p 00000000 00:00 0 
7ffab8035000-7ffabc000000 ---p 00000000 00:00 0 
7ffabc000000-7ffabc021000 rw-p 00000000 00:00 0 
7ffabc021000-7ffac0000000 ---p 00000000 00:00 0 
7ffac0000000-7ffac0033000 rw-p 00000000 00:00 0 
7ffac0033000-7ffac4000000 ---p 00000000 00:00 0 
7ffac4000000-7ffac406c000 rw-p 00000000 00:00 0 
7ffac406c000-7ffac8000000 ---p 00000000 00:00 0 
7ffac8000000-7ffac8399000 rw-p 00000000 00:00 0 
7ffac8399000-7ffacc000000 ---p 00000000 00:00 0 
7ffacc000000-7ffacc545000 rw-p 00000000 00:00 0 
7ffacc545000-7ffad0000000 ---p 00000000 00:00 0 
7ffad00ec000-7ffad00ed000 ---p 00000000 00:00 0 
7ffad00ed000-7ffad01ee000 rw-p 00000000 00:00 0 
7ffad01ee000-7ffad01f2000 ---p 00000000 00:00 0 
7ffad01f2000-7ffad02ef000 rw-p 00000000 00:00 0 
7ffad02ef000-7ffad02f3000 ---p 00000000 00:00 0 
7ffad02f3000-7ffad05f0000 rw-p 00000000 00:00 0 
7ffad05f0000-7ffad07f0000 rw-p 00000000 00:00 0 
7ffad07f0000-7ffad09dc000 rw-p 00000000 00:00 0 
7ffad09dc000-7ffad09f0000 ---p 00000000 00:00 0 
7ffad09f0000-7ffad0bf0000 rw-p 00000000 00:00 0 
7ffad0bf0000-7ffad0df0000 rw-p 00000000 00:00 0 
7ffad0df0000-7ffad0ff0000 rw-p 00000000 00:00 0 
7ffad0ff0000-7ffad11f0000 rw-p 00000000 00:00 0 
7ffad11f0000-7ffad13f0000 rw-p 00000000 00:00 0 
7ffad13f2000-7ffad13f6000 ---p 00000000 00:00 0 
7ffad13f6000-7ffad14f3000 rw-p 00000000 00:00 0 
7ffad14f3000-7ffad14f7000 ---p 00000000 00:00 0 
7ffad14f7000-7ffad15f4000 rw-p 00000000 00:00 0 
7ffad15f4000-7ffad15f5000 ---p 00000000 00:00 0 
7ffad15f5000-7ffad16f6000 rw-p 00000000 00:00 0 
7ffad16f6000-7ffad16f7000 ---p 00000000 00:00 0 
7ffad16f7000-7ffad17f8000 rw-p 00000000 00:00 0 
7ffad17f8000-7ffad17fc000 ---p 00000000 00:00 0 
7ffad17fc000-7ffad18f9000 rw-p 00000000 00:00 0 
7ffad18f9000-7ffad18fd000 ---p 00000000 00:00 0 
7ffad18fd000-7ffad19fa000 rw-p 00000000 00:00 0 
7ffad19fa000-7ffad19fe000 ---p 00000000 00:00 0 
7ffad19fe000-7ffad1afb000 rw-p 00000000 00:00 0 
7ffad1afb000-7ffad1aff000 ---p 00000000 00:00 0 
7ffad1aff000-7ffad1bfc000 rw-p 00000000 00:00 0 
7ffad1bfc000-7ffad1c00000 ---p 00000000 00:00 0 
7ffad1c00000-7ffad1cfd000 rw-p 00000000 00:00 0 
7ffad1cfd000-7ffad1d01000 ---p 00000000 00:00 0 
7ffad1d01000-7ffad1dfe000 rw-p 00000000 00:00 0 
7ffad1dfe000-7ffad1e02000 ---p 00000000 00:00 0 
7ffad1e02000-7ffad1eff000 rw-p 00000000 00:00 0 
7ffad1eff000-7ffad1f03000 ---p 00000000 00:00 0 
7ffad1f03000-7ffad4000000 rw-p 00000000 00:00 0 
7ffad4000000-7ffad4029000 rw-p 00000000 00:00 0 
7ffad4029000-7ffad8000000 ---p 00000000 00:00 0 
7ffad8000000-7ffad804d000 rw-p 00000000 00:00 0 
7ffad804d000-7ffadc000000 ---p 00000000 00:00 0 
7ffadc000000-7ffadc06c000 rw-p 00000000 00:00 0 
7ffadc06c000-7ffae0000000 ---p 00000000 00:00 0 
7ffae00ba000-7ffae00c7000 r-xp 00000000 08:01 819560                     /home/debian/.jdks/openjdk-15.0.1/lib/libverify.so
7ffae00c7000-7ffae00c9000 r--p 0000c000 08:01 819560                     /home/debian/.jdks/openjdk-15.0.1/lib/libverify.so
7ffae00c9000-7ffae00ca000 rw-p 0000e000 08:01 819560                     /home/debian/.jdks/openjdk-15.0.1/lib/libverify.so
7ffae00ca000-7ffae03af000 r--p 00000000 08:01 923060                     /usr/lib/locale/locale-archive
7ffae03af000-7ffae03b3000 ---p 00000000 00:00 0 
7ffae03b3000-7ffae04b0000 rw-p 00000000 00:00 0 
7ffae04b0000-7ffae04b4000 ---p 00000000 00:00 0 
7ffae04b4000-7ffae05b1000 rw-p 00000000 00:00 0 
7ffae05b1000-7ffae05b2000 ---p 00000000 00:00 0 
7ffae05b2000-7ffae0f34000 rw-p 00000000 00:00 0 
7ffae0f36000-7ffae0f37000 ---p 00000000 00:00 0 
7ffae0f37000-7ffae116c000 rw-p 00000000 00:00 0 
7ffae116c000-7ffae1280000 ---p 00000000 00:00 0 
7ffae1280000-7ffae1284000 rw-p 00000000 00:00 0 
7ffae1284000-7ffae2ea0000 ---p 00000000 00:00 0 
7ffae2ea0000-7ffae2fdc000 rw-p 00000000 00:00 0 
7ffae2fdc000-7ffae30f0000 ---p 00000000 00:00 0 
7ffae30f0000-7ffae30f4000 rw-p 00000000 00:00 0 
7ffae30f4000-7ffae4d10000 ---p 00000000 00:00 0 
7ffae4d10000-7ffae4d18000 rw-p 00000000 00:00 0 
7ffae4d18000-7ffae4f88000 rwxp 00000000 00:00 0 
7ffae4f88000-7ffae52a7000 ---p 00000000 00:00 0 
7ffae52a7000-7ffae6717000 rwxp 00000000 00:00 0 
7ffae6717000-7ffaec7df000 ---p 00000000 00:00 0 
7ffaec7df000-7ffaed05f000 rwxp 00000000 00:00 0 
7ffaed05f000-7ffaf3d18000 ---p 00000000 00:00 0 
7ffaf3d18000-7ffafc000000 r--s 00000000 08:01 819562                     /home/debian/.jdks/openjdk-15.0.1/lib/modules
7ffafc000000-7ffafd379000 rw-p 00000000 00:00 0 
7ffafd379000-7ffb00000000 ---p 00000000 00:00 0 
7ffb00002000-7ffb00007000 r-xp 00000000 08:01 819550                     /home/debian/.jdks/openjdk-15.0.1/lib/libmanagement_ext.so
7ffb00007000-7ffb00008000 r--p 00004000 08:01 819550                     /home/debian/.jdks/openjdk-15.0.1/lib/libmanagement_ext.so
7ffb00008000-7ffb00009000 rw-p 00005000 08:01 819550                     /home/debian/.jdks/openjdk-15.0.1/lib/libmanagement_ext.so
7ffb00009000-7ffb0000d000 r-xp 00000000 08:01 819548                     /home/debian/.jdks/openjdk-15.0.1/lib/libmanagement.so
7ffb0000d000-7ffb0000e000 r--p 00003000 08:01 819548                     /home/debian/.jdks/openjdk-15.0.1/lib/libmanagement.so
7ffb0000e000-7ffb0000f000 rw-p 00004000 08:01 819548                     /home/debian/.jdks/openjdk-15.0.1/lib/libmanagement.so
7ffb0000f000-7ffb00011000 r-xp 00000000 08:01 819532                     /home/debian/.jdks/openjdk-15.0.1/lib/libextnet.so
7ffb00011000-7ffb00012000 r--p 00001000 08:01 819532                     /home/debian/.jdks/openjdk-15.0.1/lib/libextnet.so
7ffb00012000-7ffb00013000 rw-p 00002000 08:01 819532                     /home/debian/.jdks/openjdk-15.0.1/lib/libextnet.so
7ffb00013000-7ffb00028000 r-xp 00000000 08:01 819552                     /home/debian/.jdks/openjdk-15.0.1/lib/libnet.so
7ffb00028000-7ffb00029000 r--p 00014000 08:01 819552                     /home/debian/.jdks/openjdk-15.0.1/lib/libnet.so
7ffb00029000-7ffb0002a000 rw-p 00015000 08:01 819552                     /home/debian/.jdks/openjdk-15.0.1/lib/libnet.so
7ffb0002a000-7ffb0003c000 r-xp 00000000 08:01 819553                     /home/debian/.jdks/openjdk-15.0.1/lib/libnio.so
7ffb0003c000-7ffb0003d000 r--p 00011000 08:01 819553                     /home/debian/.jdks/openjdk-15.0.1/lib/libnio.so
7ffb0003d000-7ffb0003e000 rw-p 00012000 08:01 819553                     /home/debian/.jdks/openjdk-15.0.1/lib/libnio.so
7ffb0003e000-7ffb000da000 rw-p 00000000 00:00 0 
7ffb000da000-7ffb000db000 ---p 00000000 00:00 0 
7ffb000db000-7ffb004df000 rw-p 00000000 00:00 0 
7ffb004df000-7ffb004e0000 ---p 00000000 00:00 0 
7ffb004e0000-7ffb005e1000 rw-p 00000000 00:00 0 
7ffb005e1000-7ffb005e2000 ---p 00000000 00:00 0 
7ffb005e2000-7ffb006e3000 rw-p 00000000 00:00 0 
7ffb006e3000-7ffb006e4000 ---p 00000000 00:00 0 
7ffb006e4000-7ffb0084d000 rw-p 00000000 00:00 0 
7ffb0084d000-7ffb0086f000 ---p 00000000 00:00 0 
7ffb0086f000-7ffb00870000 rw-p 00000000 00:00 0 
7ffb00870000-7ffb00bf3000 ---p 00000000 00:00 0 
7ffb00bf3000-7ffb00c1b000 rw-p 00000000 00:00 0 
7ffb00c1b000-7ffb00c3d000 ---p 00000000 00:00 0 
7ffb00c3d000-7ffb00c3e000 rw-p 00000000 00:00 0 
7ffb00c3e000-7ffb00fc1000 ---p 00000000 00:00 0 
7ffb00fc1000-7ffb00fe9000 rw-p 00000000 00:00 0 
7ffb00fe9000-7ffb0100b000 ---p 00000000 00:00 0 
7ffb0100b000-7ffb0100c000 rw-p 00000000 00:00 0 
7ffb0100c000-7ffb0138f000 ---p 00000000 00:00 0 
7ffb0138f000-7ffb016a4000 rw-p 00000000 00:00 0 
7ffb016a4000-7ffb0177e000 ---p 00000000 00:00 0 
7ffb0177e000-7ffb017a7000 rw-p 00000000 00:00 0 
7ffb017a7000-7ffb01869000 ---p 00000000 00:00 0 
7ffb01869000-7ffb0186c000 r--p 00000000 08:01 137394                     /usr/lib/x86_64-linux-gnu/libnss_files-2.28.so
7ffb0186c000-7ffb01873000 r-xp 00003000 08:01 137394                     /usr/lib/x86_64-linux-gnu/libnss_files-2.28.so
7ffb01873000-7ffb01875000 r--p 0000a000 08:01 137394                     /usr/lib/x86_64-linux-gnu/libnss_files-2.28.so
7ffb01875000-7ffb01876000 ---p 0000c000 08:01 137394                     /usr/lib/x86_64-linux-gnu/libnss_files-2.28.so
7ffb01876000-7ffb01877000 r--p 0000c000 08:01 137394                     /usr/lib/x86_64-linux-gnu/libnss_files-2.28.so
7ffb01877000-7ffb01878000 rw-p 0000d000 08:01 137394                     /usr/lib/x86_64-linux-gnu/libnss_files-2.28.so
7ffb01878000-7ffb0187e000 rw-p 00000000 00:00 0 
7ffb0187f000-7ffb01886000 r-xp 00000000 08:01 819561                     /home/debian/.jdks/openjdk-15.0.1/lib/libzip.so
7ffb01886000-7ffb01887000 ---p 00007000 08:01 819561                     /home/debian/.jdks/openjdk-15.0.1/lib/libzip.so
7ffb01887000-7ffb01888000 r--p 00007000 08:01 819561                     /home/debian/.jdks/openjdk-15.0.1/lib/libzip.so
7ffb01888000-7ffb01889000 rw-p 00008000 08:01 819561                     /home/debian/.jdks/openjdk-15.0.1/lib/libzip.so
7ffb01889000-7ffb0188e000 rw-p 00000000 00:00 0 
7ffb0188e000-7ffb01895000 ---p 00000000 00:00 0 
7ffb01895000-7ffb018b9000 r-xp 00000000 08:01 819539                     /home/debian/.jdks/openjdk-15.0.1/lib/libjava.so
7ffb018b9000-7ffb018ba000 ---p 00024000 08:01 819539                     /home/debian/.jdks/openjdk-15.0.1/lib/libjava.so
7ffb018ba000-7ffb018bb000 r--p 00024000 08:01 819539                     /home/debian/.jdks/openjdk-15.0.1/lib/libjava.so
7ffb018bb000-7ffb018bc000 rw-p 00025000 08:01 819539                     /home/debian/.jdks/openjdk-15.0.1/lib/libjava.so
7ffb018bc000-7ffb018bd000 rw-p 00000000 00:00 0 
7ffb018bd000-7ffb018d9000 r-xp 00000000 08:01 819543                     /home/debian/.jdks/openjdk-15.0.1/lib/libjimage.so
7ffb018d9000-7ffb018db000 r--p 0001b000 08:01 819543                     /home/debian/.jdks/openjdk-15.0.1/lib/libjimage.so
7ffb018db000-7ffb018dc000 rw-p 0001d000 08:01 819543                     /home/debian/.jdks/openjdk-15.0.1/lib/libjimage.so
7ffb018dc000-7ffb018de000 r--p 00000000 08:01 137630                     /usr/lib/x86_64-linux-gnu/librt-2.28.so
7ffb018de000-7ffb018e2000 r-xp 00002000 08:01 137630                     /usr/lib/x86_64-linux-gnu/librt-2.28.so
7ffb018e2000-7ffb018e4000 r--p 00006000 08:01 137630                     /usr/lib/x86_64-linux-gnu/librt-2.28.so
7ffb018e4000-7ffb018e5000 r--p 00007000 08:01 137630                     /usr/lib/x86_64-linux-gnu/librt-2.28.so
7ffb018e5000-7ffb018e6000 rw-p 00008000 08:01 137630                     /usr/lib/x86_64-linux-gnu/librt-2.28.so
7ffb018e6000-7ffb018ea000 ---p 00000000 00:00 0 
7ffb018ea000-7ffb019e7000 rw-p 00000000 00:00 0 
7ffb019e7000-7ffb019f4000 r--p 00000000 08:01 137221                     /usr/lib/x86_64-linux-gnu/libm-2.28.so
7ffb019f4000-7ffb01a93000 r-xp 0000d000 08:01 137221                     /usr/lib/x86_64-linux-gnu/libm-2.28.so
7ffb01a93000-7ffb01b68000 r--p 000ac000 08:01 137221                     /usr/lib/x86_64-linux-gnu/libm-2.28.so
7ffb01b68000-7ffb01b69000 r--p 00180000 08:01 137221                     /usr/lib/x86_64-linux-gnu/libm-2.28.so
7ffb01b69000-7ffb01b6a000 rw-p 00181000 08:01 137221                     /usr/lib/x86_64-linux-gnu/libm-2.28.so
7ffb01b6a000-7ffb02bb1000 r-xp 00000000 08:01 819574                     /home/debian/.jdks/openjdk-15.0.1/lib/server/libjvm.so
7ffb02bb1000-7ffb02c4b000 r--p 01046000 08:01 819574                     /home/debian/.jdks/openjdk-15.0.1/lib/server/libjvm.so
7ffb02c4b000-7ffb02c82000 rw-p 010e0000 08:01 819574                     /home/debian/.jdks/openjdk-15.0.1/lib/server/libjvm.so
7ffb02c82000-7ffb02d0d000 rw-p 00000000 00:00 0 
7ffb02d0d000-7ffb02d2f000 r--p 00000000 08:01 136475                     /usr/lib/x86_64-linux-gnu/libc-2.28.so
7ffb02d2f000-7ffb02e77000 r-xp 00022000 08:01 136475                     /usr/lib/x86_64-linux-gnu/libc-2.28.so
7ffb02e77000-7ffb02ec3000 r--p 0016a000 08:01 136475                     /usr/lib/x86_64-linux-gnu/libc-2.28.so
7ffb02ec3000-7ffb02ec4000 ---p 001b6000 08:01 136475                     /usr/lib/x86_64-linux-gnu/libc-2.28.so
7ffb02ec4000-7ffb02ec8000 r--p 001b6000 08:01 136475                     /usr/lib/x86_64-linux-gnu/libc-2.28.so
7ffb02ec8000-7ffb02eca000 rw-p 001ba000 08:01 136475                     /usr/lib/x86_64-linux-gnu/libc-2.28.so
7ffb02eca000-7ffb02ece000 rw-p 00000000 00:00 0 
7ffb02ece000-7ffb02ecf000 r--p 00000000 08:01 136617                     /usr/lib/x86_64-linux-gnu/libdl-2.28.so
7ffb02ecf000-7ffb02ed0000 r-xp 00001000 08:01 136617                     /usr/lib/x86_64-linux-gnu/libdl-2.28.so
7ffb02ed0000-7ffb02ed1000 r--p 00002000 08:01 136617                     /usr/lib/x86_64-linux-gnu/libdl-2.28.so
7ffb02ed1000-7ffb02ed2000 r--p 00002000 08:01 136617                     /usr/lib/x86_64-linux-gnu/libdl-2.28.so
7ffb02ed2000-7ffb02ed3000 rw-p 00003000 08:01 136617                     /usr/lib/x86_64-linux-gnu/libdl-2.28.so
7ffb02ed3000-7ffb02ed9000 r--p 00000000 08:01 137573                     /usr/lib/x86_64-linux-gnu/libpthread-2.28.so
7ffb02ed9000-7ffb02ee8000 r-xp 00006000 08:01 137573                     /usr/lib/x86_64-linux-gnu/libpthread-2.28.so
7ffb02ee8000-7ffb02eee000 r--p 00015000 08:01 137573                     /usr/lib/x86_64-linux-gnu/libpthread-2.28.so
7ffb02eee000-7ffb02eef000 r--p 0001a000 08:01 137573                     /usr/lib/x86_64-linux-gnu/libpthread-2.28.so
7ffb02eef000-7ffb02ef0000 rw-p 0001b000 08:01 137573                     /usr/lib/x86_64-linux-gnu/libpthread-2.28.so
7ffb02ef0000-7ffb02ef4000 rw-p 00000000 00:00 0 
7ffb02ef4000-7ffb02f03000 r-xp 00000000 08:01 819544                     /home/debian/.jdks/openjdk-15.0.1/lib/libjli.so
7ffb02f03000-7ffb02f04000 r--p 0000e000 08:01 819544                     /home/debian/.jdks/openjdk-15.0.1/lib/libjli.so
7ffb02f04000-7ffb02f05000 rw-p 0000f000 08:01 819544                     /home/debian/.jdks/openjdk-15.0.1/lib/libjli.so
7ffb02f05000-7ffb02f21000 r-xp 00000000 08:01 137995                     /usr/lib/x86_64-linux-gnu/libz.so.1.2.11
7ffb02f21000-7ffb03121000 ---p 0001c000 08:01 137995                     /usr/lib/x86_64-linux-gnu/libz.so.1.2.11
7ffb03121000-7ffb03122000 r--p 0001c000 08:01 137995                     /usr/lib/x86_64-linux-gnu/libz.so.1.2.11
7ffb03122000-7ffb03123000 rw-p 0001d000 08:01 137995                     /usr/lib/x86_64-linux-gnu/libz.so.1.2.11
7ffb03123000-7ffb03125000 rw-p 00000000 00:00 0 
7ffb03125000-7ffb0312d000 rw-s 00000000 08:01 4701                       /tmp/hsperfdata_debian/3805
7ffb0312d000-7ffb03137000 r-xp 00000000 08:01 819534                     /home/debian/.jdks/openjdk-15.0.1/lib/libinstrument.so
7ffb03137000-7ffb03138000 r--p 00009000 08:01 819534                     /home/debian/.jdks/openjdk-15.0.1/lib/libinstrument.so
7ffb03138000-7ffb03139000 rw-p 0000a000 08:01 819534                     /home/debian/.jdks/openjdk-15.0.1/lib/libinstrument.so
7ffb03139000-7ffb0313a000 ---p 00000000 00:00 0 
7ffb0313a000-7ffb0313b000 r--p 00000000 00:00 0 
7ffb0313b000-7ffb0313c000 ---p 00000000 00:00 0 
7ffb0313c000-7ffb0313d000 r--p 00000000 08:01 135829                     /usr/lib/x86_64-linux-gnu/ld-2.28.so
7ffb0313d000-7ffb0315b000 r-xp 00001000 08:01 135829                     /usr/lib/x86_64-linux-gnu/ld-2.28.so
7ffb0315b000-7ffb03163000 r--p 0001f000 08:01 135829                     /usr/lib/x86_64-linux-gnu/ld-2.28.so
7ffb03163000-7ffb03164000 r--p 00026000 08:01 135829                     /usr/lib/x86_64-linux-gnu/ld-2.28.so
7ffb03164000-7ffb03165000 rw-p 00027000 08:01 135829                     /usr/lib/x86_64-linux-gnu/ld-2.28.so
7ffb03165000-7ffb03166000 rw-p 00000000 00:00 0 
7ffca3189000-7ffca31ad000 rw-p 00000000 00:00 0                          [stack]
7ffca31d8000-7ffca31db000 r--p 00000000 00:00 0                          [vvar]
7ffca31db000-7ffca31dd000 r-xp 00000000 00:00 0                          [vdso]


VM Arguments:
jvm_args: -javaagent:/home/debian/Desktop/idea-IC-203.5981.155/lib/idea_rt.jar=33435:/home/debian/Desktop/idea-IC-203.5981.155/bin -Dfile.encoding=UTF-8 
java_command: io.github.nandandesai.secureservermonitoring.SecureServerMonitoringApplication
java_class_path (initial): /home/debian/Desktop/projects/BookShelf/bookshelf-security/secure-server-monitoring/out/production/classes:/home/debian/Desktop/projects/BookShelf/bookshelf-security/secure-server-monitoring/out/production/resources:/home/debian/.gradle/caches/modules-2/files-2.1/de.codecentric/spring-boot-admin-starter-server/2.3.1/74b51649653026e77845d08403963c7bd00c13f0/spring-boot-admin-starter-server-2.3.1.jar:/home/debian/.gradle/caches/modules-2/files-2.1/org.springframework.boot/spring-boot-starter-web/2.4.1/fb70dcc55475177dd404c5577c6d64b6c591c9cd/spring-boot-starter-web-2.4.1.jar:/home/debian/.gradle/caches/modules-2/files-2.1/org.springframework.boot/spring-boot-starter-security/2.4.0/3b09f9101c0d7c23eb34ca67e933b0bcf7c28931/spring-boot-starter-security-2.4.0.jar:/home/debian/.gradle/caches/modules-2/files-2.1/de.codecentric/spring-boot-admin-server-ui/2.3.1/41704ec5c88d1751d950e5098f56c93567c44606/spring-boot-admin-server-ui-2.3.1.jar:/home/debian/.gradle/caches/modules-2/files-2.1/de.codecentric/spring-boot-admin-server-cloud/2.3.1/4a014534cc478ad691cc005a30d37fc23b98199d/spring-boot-admin-server-cloud-2.3.1.jar:/home/debian/.gradle/caches/modules-2/files-2.1/de.codecentric/spring-boot-admin-server/2.3.1/57097b6166fd8e27d577a3805488c75f294d1582/spring-boot-admin-server-2.3.1.jar:/home/debian/.gradle/caches/modules-2/files-2.1/org.springframework.boot/spring-boot-starter-json/2.4.1/5a4b7088c88be531cb416ef218da3e19309f8cea/spring-boot-starter-json-2.4.1.jar:/home/debian/.gradle/caches/modules-2/files-2.1/org.springframework.boot/spring-boot-starter/2.4.1/15d81ffe81e26de37986d491e1cf4c1e3a324ca3/spring-boot-starter-2.4.1.jar:/home/debian/.gradle/caches/modules-2/files-2.1/org.springframework.boot/spring-boot-starter-tomcat/2.4.1/92c0d7938bdf47fb9d3781aef94b07f5a940a263/spring-boot-starter-tomcat-2.4.1.jar:/home/debian/.gradle/caches/modules-2/files-2.1/org.springframework/spring-webmvc/5.3.2/6c1106b59db4c91682b740d2deaa3f02400ea8c8/spring-webmv
Launcher Type: SUN_STANDARD

[Global flags]
     intx CICompilerCount                          = 2                                         {product} {ergonomic}
     uint ConcGCThreads                            = 1                                         {product} {ergonomic}
     uint G1ConcRefinementThreads                  = 3                                         {product} {ergonomic}
   size_t G1HeapRegionSize                         = 1048576                                   {product} {ergonomic}
    uintx GCDrainStackTargetSize                   = 64                                        {product} {ergonomic}
   size_t InitialHeapSize                          = 127926272                                 {product} {ergonomic}
   size_t MarkStackSize                            = 4194304                                   {product} {ergonomic}
   size_t MaxHeapSize                              = 2042626048                                {product} {ergonomic}
   size_t MaxNewSize                               = 1224736768                                {product} {ergonomic}
   size_t MinHeapDeltaBytes                        = 1048576                                   {product} {ergonomic}
   size_t MinHeapSize                              = 8388608                                   {product} {ergonomic}
    uintx NonNMethodCodeHeapSize                   = 5826188                                {pd product} {ergonomic}
    uintx NonProfiledCodeHeapSize                  = 122916026                              {pd product} {ergonomic}
    uintx ProfiledCodeHeapSize                     = 122916026                              {pd product} {ergonomic}
    uintx ReservedCodeCacheSize                    = 251658240                              {pd product} {ergonomic}
     bool SegmentedCodeCache                       = true                                      {product} {ergonomic}
   size_t SoftMaxHeapSize                          = 2042626048                             {manageable} {ergonomic}
     bool UseCompressedClassPointers               = true                                 {lp64_product} {ergonomic}
     bool UseCompressedOops                        = true                                 {lp64_product} {ergonomic}
     bool UseG1GC                                  = true                                      {product} {ergonomic}

Logging:
Log output configuration:
 #0: stdout all=warning uptime,level,tags
 #1: stderr all=off uptime,level,tags

Environment Variables:
PATH=/usr/local/bin:/usr/bin:/bin:/usr/local/games:/usr/games
SHELL=/bin/bash
DISPLAY=:0
LANG=en_IN

Signal Handlers:
SIGSEGV: [libjvm.so+0xd63670], sa_mask[0]=11111111011111111101111111111110, sa_flags=SA_RESTART|SA_SIGINFO
SIGBUS: [libjvm.so+0xd63670], sa_mask[0]=11111111011111111101111111111110, sa_flags=SA_RESTART|SA_SIGINFO
SIGFPE: [libjvm.so+0xd63670], sa_mask[0]=11111111011111111101111111111110, sa_flags=SA_RESTART|SA_SIGINFO
SIGPIPE: [libjvm.so+0xb410d0], sa_mask[0]=11111111011111111101111111111110, sa_flags=SA_RESTART|SA_SIGINFO
SIGXFSZ: [libjvm.so+0xb410d0], sa_mask[0]=11111111011111111101111111111110, sa_flags=SA_RESTART|SA_SIGINFO
SIGILL: [libjvm.so+0xd63670], sa_mask[0]=11111111011111111101111111111110, sa_flags=SA_RESTART|SA_SIGINFO
SIGUSR2: [libjvm.so+0xb40f70], sa_mask[0]=00100000000000000000000000000000, sa_flags=SA_RESTART|SA_SIGINFO
SIGHUP: [libjvm.so+0xb417e0], sa_mask[0]=11111111011111111101111111111110, sa_flags=SA_RESTART|SA_SIGINFO
SIGINT: [libjvm.so+0xb417e0], sa_mask[0]=11111111011111111101111111111110, sa_flags=SA_RESTART|SA_SIGINFO
SIGTERM: [libjvm.so+0xb417e0], sa_mask[0]=11111111011111111101111111111110, sa_flags=SA_RESTART|SA_SIGINFO
SIGQUIT: [libjvm.so+0xb417e0], sa_mask[0]=11111111011111111101111111111110, sa_flags=SA_RESTART|SA_SIGINFO


---------------  S Y S T E M  ---------------

OS:
PRETTY_NAME="Debian GNU/Linux 10 (buster)"
NAME="Debian GNU/Linux"
VERSION_ID="10"
VERSION="10 (buster)"
VERSION_CODENAME=buster
ID=debian
HOME_URL="https://www.debian.org/"
SUPPORT_URL="https://www.debian.org/support"
BUG_REPORT_URL="https://bugs.debian.org/"
uname: Linux 4.19.0-16-amd64 #1 SMP Debian 4.19.181-1 (2021-03-19) x86_64
OS uptime: 0 days 5:25 hours
libc: glibc 2.28 NPTL 2.28 
rlimit (soft/hard): STACK 8192k/infinity , CORE 0k/infinity , NPROC 30996/30996 , NOFILE 1048576/1048576 , AS infinity/infinity , CPU infinity/infinity , DATA infinity/infinity , FSIZE infinity/infinity , MEMLOCK 65536k/65536k
load average: 29.89 23.40 13.04

/proc/meminfo:
MemTotal:        7975552 kB
MemFree:          101384 kB
MemAvailable:       7972 kB
Buffers:             228 kB
Cached:           244696 kB
SwapCached:            0 kB
Active:          7256880 kB
Inactive:         233348 kB
Active(anon):    7252832 kB
Inactive(anon):   225132 kB
Active(file):       4048 kB
Inactive(file):     8216 kB
Unevictable:          48 kB
Mlocked:              48 kB
SwapTotal:             0 kB
SwapFree:              0 kB
Dirty:                 4 kB
Writeback:             0 kB
AnonPages:       7245744 kB
Mapped:            98368 kB
Shmem:            232268 kB
Slab:             148476 kB
SReclaimable:      69260 kB
SUnreclaim:        79216 kB
KernelStack:       22352 kB
PageTables:        68124 kB
NFS_Unstable:          0 kB
Bounce:                0 kB
WritebackTmp:          0 kB
CommitLimit:     3987776 kB
Committed_AS:   18076840 kB
VmallocTotal:   34359738367 kB
VmallocUsed:           0 kB
VmallocChunk:          0 kB
Percpu:             1440 kB
HardwareCorrupted:     0 kB
AnonHugePages:   3358720 kB
ShmemHugePages:        0 kB
ShmemPmdMapped:        0 kB
HugePages_Total:       0
HugePages_Free:        0
HugePages_Rsvd:        0
HugePages_Surp:        0
Hugepagesize:       2048 kB
Hugetlb:               0 kB
DirectMap4k:      272320 kB
DirectMap2M:     7919616 kB

/sys/kernel/mm/transparent_hugepage/enabled: [always] madvise never
/sys/kernel/mm/transparent_hugepage/defrag (defrag/compaction efforts parameter): always defer defer+madvise [madvise] never

/proc/sys/kernel/threads-max (system-wide limit on the number of threads): 61992
/proc/sys/vm/max_map_count (maximum number of memory map areas a process may have): 65530
/proc/sys/kernel/pid_max (system-wide limit on number of process identifiers): 32768

container (cgroup) information:
container_type: cgroupv1
cpu_cpuset_cpus: 0-2
cpu_memory_nodes: 0
active_processor_count: 3
cpu_quota: no quota
cpu_period: 100000
cpu_shares: no shares
memory_limit_in_bytes: unlimited
memory_and_swap_limit_in_bytes: not supported
memory_soft_limit_in_bytes: unlimited
memory_usage_in_bytes: 7500115968
memory_max_usage_in_bytes: 7506395136

KVM virtualization detected
Steal ticks since vm start: 0
Steal ticks percentage since vm start:  0.000

CPU: total 3 (initial active 3) (3 cores per cpu, 1 threads per core) family 6 model 158 stepping 10 microcode 0x0, cmov, cx8, fxsr, mmx, sse, sse2, sse3, ssse3, sse4.1, sse4.2, popcnt, vzeroupper, avx, avx2, aes, clmul, 3dnowpref, lzcnt, tsc, tscinvbit, clflush, clflushopt
CPU Model and flags from /proc/cpuinfo:
model name	: Intel(R) Core(TM) i7-9750H CPU @ 2.60GHz
flags		: fpu vme de pse tsc msr pae mce cx8 apic sep mtrr pge mca cmov pat pse36 clflush mmx fxsr sse sse2 ht syscall nx rdtscp lm constant_tsc rep_good nopl xtopology nonstop_tsc cpuid tsc_known_freq pni pclmulqdq ssse3 cx16 pcid sse4_1 sse4_2 x2apic movbe popcnt aes xsave avx rdrand hypervisor lahf_lm abm 3dnowprefetch invpcid_single pti fsgsbase avx2 invpcid rdseed clflushopt md_clear flush_l1d

Online cpus: 0-2
Offline cpus: 
BIOS frequency limitation: <Not Available>
Frequency switch latency (ns): <Not Available>
Available cpu frequencies: <Not Available>
Current governor: <Not Available>
Core performance/turbo boost: <Not Available>

Memory: 4k page, physical 7975552k(103508k free), swap 0k(0k free)

vm_info: OpenJDK 64-Bit Server VM (15.0.1+9-18) for linux-amd64 JRE (15.0.1+9-18), built on Sep 15 2020 13:31:44 by "mach5one" with gcc 9.2.0

END.
